<?xml version="1.0" encoding="UTF-8"?>
<testsuite name="com.team05.demo.animal.AnimalApiClientTest" tests="4" skipped="0" failures="0" errors="0" timestamp="2026-04-14T06:49:47.542Z" hostname="macui-MacBookAir.local" time="0.012">
  <properties/>
  <testcase name="서비스키 반환" classname="com.team05.demo.animal.AnimalApiClientTest" time="0.01"/>
  <testcase name="유기동물 목록 조회 URL 생성" classname="com.team05.demo.animal.AnimalApiClientTest" time="0.001"/>
  <testcase name="시도 조회 URL 생성" classname="com.team05.demo.animal.AnimalApiClientTest" time="0.0"/>
  <testcase name="품종 조회 URL을 생성" classname="com.team05.demo.animal.AnimalApiClientTest" time="0.0"/>
  <system-out><![CDATA[]]></system-out>
  <system-err><![CDATA[]]></system-err>
</testsuite>
