<?xml version="1.0" encoding="UTF-8"?>
<testsuite name="com.team05.demo.animal.AnimalSyncServiceTest" tests="4" skipped="0" failures="0" errors="0" timestamp="2026-04-14T06:49:49.047Z" hostname="macui-MacBookAir.local" time="6.523">
  <properties/>
  <testcase name="저장된 Animal 데이터의 주요 필드를 검증한다" classname="com.team05.demo.animal.AnimalSyncServiceTest" time="1.737"/>
  <testcase name="같은 유기동물 데이터는 중복 저장 방지 테스트" classname="com.team05.demo.animal.AnimalSyncServiceTest" time="1.803"/>
  <testcase name="외부 API에서 동물 데이터를 가져와 DB에 저장하는 테스트" classname="com.team05.demo.animal.AnimalSyncServiceTest" time="0.868"/>
  <testcase name="저장된 Animal 데이터의 주요 필드를 검증" classname="com.team05.demo.animal.AnimalSyncServiceTest" time="0.896"/>
  <system-out><![CDATA[?[2m2026-04-14T15:49:49.049+09:00?[0;39m ?[32m INFO?[0;39m ?[35m90770?[0;39m ?[2m--- [demo] [    Test worker] ?[0;39m?[36mt.c.s.AnnotationConfigContextLoaderUtils?[0;39m ?[2m:?[0;39m Could not detect default configuration classes for test class [com.team05.demo.animal.AnimalSyncServiceTest]: AnimalSyncServiceTest does not declare any static, non-private, non-final, nested classes annotated with @Configuration.
?[2m2026-04-14T15:49:49.056+09:00?[0;39m ?[32m INFO?[0;39m ?[35m90770?[0;39m ?[2m--- [demo] [    Test worker] ?[0;39m?[36m.b.t.c.SpringBootTestContextBootstrapper?[0;39m ?[2m:?[0;39m Found @SpringBootConfiguration com.team05.demo.DemoApplication for test class com.team05.demo.animal.AnimalSyncServiceTest
?[2m2026-04-14T15:49:49.056+09:00?[0;39m ?[32m INFO?[0;39m ?[35m90770?[0;39m ?[2m--- [demo] [    Test worker] ?[0;39m?[36mt.c.s.AnnotationConfigContextLoaderUtils?[0;39m ?[2m:?[0;39m Could not detect default configuration classes for test class [com.team05.demo.animal.AnimalSyncServiceTest]: AnimalSyncServiceTest does not declare any static, non-private, non-final, nested classes annotated with @Configuration.
?[2m2026-04-14T15:49:49.057+09:00?[0;39m ?[32m INFO?[0;39m ?[35m90770?[0;39m ?[2m--- [demo] [    Test worker] ?[0;39m?[36m.b.t.c.SpringBootTestContextBootstrapper?[0;39m ?[2m:?[0;39m Found @SpringBootConfiguration com.team05.demo.DemoApplication for test class com.team05.demo.animal.AnimalSyncServiceTest

  .   ____          _            __ _ _
 /\\ / ___'_ __ _ _(_)_ __  __ _ \ \ \ \
( ( )\___ | '_ | '_| | '_ \/ _` | \ \ \ \
 \\/  ___)| |_)| | | | | || (_| |  ) ) ) )
  '  |____| .__|_| |_|_| |_\__, | / / / /
 =========|_|==============|___/=/_/_/_/

?[32m :: Spring Boot :: ?[39m              ?[2m (v4.0.5)?[0;39m

?[2m2026-04-14T15:49:49.083+09:00?[0;39m ?[32m INFO?[0;39m ?[35m90770?[0;39m ?[2m--- [demo] [    Test worker] ?[0;39m?[36mc.t.demo.animal.AnimalSyncServiceTest   ?[0;39m ?[2m:?[0;39m Starting AnimalSyncServiceTest using Java 21.0.10 with PID 90770 (started by mac in /Users/mac/study/programmers_study/NBE9-11-2-Team05)
?[2m2026-04-14T15:49:49.084+09:00?[0;39m ?[32m INFO?[0;39m ?[35m90770?[0;39m ?[2m--- [demo] [    Test worker] ?[0;39m?[36mc.t.demo.animal.AnimalSyncServiceTest   ?[0;39m ?[2m:?[0;39m The following 1 profile is active: "test"
?[2m2026-04-14T15:49:49.216+09:00?[0;39m ?[32m INFO?[0;39m ?[35m90770?[0;39m ?[2m--- [demo] [    Test worker] ?[0;39m?[36m.s.d.r.c.RepositoryConfigurationDelegate?[0;39m ?[2m:?[0;39m Bootstrapping Spring Data JPA repositories in DEFAULT mode.
?[2m2026-04-14T15:49:49.228+09:00?[0;39m ?[32m INFO?[0;39m ?[35m90770?[0;39m ?[2m--- [demo] [    Test worker] ?[0;39m?[36m.s.d.r.c.RepositoryConfigurationDelegate?[0;39m ?[2m:?[0;39m Finished Spring Data repository scanning in 10 ms. Found 6 JPA repository interfaces.
?[2m2026-04-14T15:49:49.296+09:00?[0;39m ?[32m INFO?[0;39m ?[35m90770?[0;39m ?[2m--- [demo] [    Test worker] ?[0;39m?[36morg.hibernate.orm.jpa                   ?[0;39m ?[2m:?[0;39m HHH008540: Processing PersistenceUnitInfo [name: default]
?[2m2026-04-14T15:49:49.310+09:00?[0;39m ?[32m INFO?[0;39m ?[35m90770?[0;39m ?[2m--- [demo] [    Test worker] ?[0;39m?[36mo.s.o.j.p.SpringPersistenceUnitInfo     ?[0;39m ?[2m:?[0;39m No LoadTimeWeaver setup: ignoring JPA class transformer
?[2m2026-04-14T15:49:49.311+09:00?[0;39m ?[32m INFO?[0;39m ?[35m90770?[0;39m ?[2m--- [demo] [    Test worker] ?[0;39m?[36mcom.zaxxer.hikari.HikariDataSource      ?[0;39m ?[2m:?[0;39m HikariPool-2 - Starting...
?[2m2026-04-14T15:49:49.447+09:00?[0;39m ?[32m INFO?[0;39m ?[35m90770?[0;39m ?[2m--- [demo] [    Test worker] ?[0;39m?[36mcom.zaxxer.hikari.pool.HikariPool       ?[0;39m ?[2m:?[0;39m HikariPool-2 - Added connection conn0: url=jdbc:h2:mem:testdb user=SA
?[2m2026-04-14T15:49:49.447+09:00?[0;39m ?[32m INFO?[0;39m ?[35m90770?[0;39m ?[2m--- [demo] [    Test worker] ?[0;39m?[36mcom.zaxxer.hikari.HikariDataSource      ?[0;39m ?[2m:?[0;39m HikariPool-2 - Start completed.
?[2m2026-04-14T15:49:49.455+09:00?[0;39m ?[32m INFO?[0;39m ?[35m90770?[0;39m ?[2m--- [demo] [    Test worker] ?[0;39m?[36morg.hibernate.orm.connections.pooling   ?[0;39m ?[2m:?[0;39m HHH10001005: Database info:
	Database JDBC URL [jdbc:h2:mem:testdb]
	Database driver: H2 JDBC Driver
	Database dialect: H2Dialect
	Database version: 2.4.240
	Default catalog/schema: TESTDB/PUBLIC
	Autocommit mode: undefined/unknown
	Isolation level: READ_COMMITTED [default READ_COMMITTED]
	JDBC fetch size: 100
	Pool: DataSourceConnectionProvider
	Minimum pool size: undefined/unknown
	Maximum pool size: undefined/unknown
?[2m2026-04-14T15:49:49.535+09:00?[0;39m ?[32m INFO?[0;39m ?[35m90770?[0;39m ?[2m--- [demo] [    Test worker] ?[0;39m?[36morg.hibernate.orm.core                  ?[0;39m ?[2m:?[0;39m HHH000489: No JTA platform available (set 'hibernate.transaction.jta.platform' to enable JTA platform integration)
?[35m[Hibernate]?[0m 
    ?[34mdrop?[0m ?[34mtable?[0m ?[34mif?[0m ?[34mexists?[0m animal_comments ?[34mcascade?[0m 
?[35m[Hibernate]?[0m 
    ?[34mdrop?[0m ?[34mtable?[0m ?[34mif?[0m ?[34mexists?[0m animals ?[34mcascade?[0m 
?[35m[Hibernate]?[0m 
    ?[34mdrop?[0m ?[34mtable?[0m ?[34mif?[0m ?[34mexists?[0m cheers ?[34mcascade?[0m 
?[35m[Hibernate]?[0m 
    ?[34mdrop?[0m ?[34mtable?[0m ?[34mif?[0m ?[34mexists?[0m feed_comments ?[34mcascade?[0m 
?[35m[Hibernate]?[0m 
    ?[34mdrop?[0m ?[34mtable?[0m ?[34mif?[0m ?[34mexists?[0m feeds ?[34mcascade?[0m 
?[35m[Hibernate]?[0m 
    ?[34mdrop?[0m ?[34mtable?[0m ?[34mif?[0m ?[34mexists?[0m users ?[34mcascade?[0m 
?[35m[Hibernate]?[0m 
    ?[34mcreate?[0m ?[34mtable?[0m animal_comments (
        animal_id ?[34mbigint?[0m ?[34mnot?[0m ?[34mnull?[0m,
        created_at ?[34mtimestamp?[0m(6),
        id ?[34mbigint?[0m generated ?[34mby?[0m ?[34mdefault?[0m ?[34mas?[0m ?[34midentity?[0m,
        updated_at ?[34mtimestamp?[0m(6),
        content ?[34mvarchar?[0m(255) ?[34mnot?[0m ?[34mnull?[0m,
        ?[34mprimary?[0m ?[34mkey?[0m (id)
    )
?[35m[Hibernate]?[0m 
    ?[34mcreate?[0m ?[34mtable?[0m animals (
        notice_edt ?[34mdate?[0m ?[34mnot?[0m ?[34mnull?[0m,
        total_cheer_count ?[34minteger?[0m ?[34mnot?[0m ?[34mnull?[0m,
        created_at ?[34mtimestamp?[0m(6),
        id ?[34mbigint?[0m generated ?[34mby?[0m ?[34mdefault?[0m ?[34mas?[0m ?[34midentity?[0m,
        updated_at ?[34mtimestamp?[0m(6),
        sex_cd ?[34mvarchar?[0m(10) ?[34mnot?[0m ?[34mnull?[0m,
        process_state ?[34mvarchar?[0m(30) ?[34mnot?[0m ?[34mnull?[0m,
        up_kind_nm ?[34mvarchar?[0m(30) ?[34mnot?[0m ?[34mnull?[0m,
        weight ?[34mvarchar?[0m(30) ?[34mnot?[0m ?[34mnull?[0m,
        desertion_no ?[34mvarchar?[0m(50) ?[34mnot?[0m ?[34mnull?[0m ?[34munique?[0m,
        notice_no ?[34mvarchar?[0m(50) ?[34mnot?[0m ?[34mnull?[0m,
        color_cd ?[34mvarchar?[0m(100) ?[34mnot?[0m ?[34mnull?[0m,
        kind_full_name ?[34mvarchar?[0m(100) ?[34mnot?[0m ?[34mnull?[0m,
        popfile1 ?[34mvarchar?[0m(500) ?[34mnot?[0m ?[34mnull?[0m,
        popfile2 ?[34mvarchar?[0m(500) ?[34mnot?[0m ?[34mnull?[0m,
        age ?[34mvarchar?[0m(255) ?[34mnot?[0m ?[34mnull?[0m,
        care_nm ?[34mvarchar?[0m(255),
        care_tel ?[34mvarchar?[0m(255),
        ?[34mprimary?[0m ?[34mkey?[0m (id)
    )
?[35m[Hibernate]?[0m 
    ?[34mcreate?[0m ?[34mtable?[0m cheers (
        animal_id ?[34mbigint?[0m,
        created_at ?[34mtimestamp?[0m(6),
        id ?[34mbigint?[0m generated ?[34mby?[0m ?[34mdefault?[0m ?[34mas?[0m ?[34midentity?[0m,
        updated_at ?[34mtimestamp?[0m(6),
        user_id ?[34mbigint?[0m,
        ?[34mprimary?[0m ?[34mkey?[0m (id)
    )
?[35m[Hibernate]?[0m 
    ?[34mcreate?[0m ?[34mtable?[0m feed_comments (
        created_at ?[34mtimestamp?[0m(6),
        feed_id ?[34mbigint?[0m ?[34mnot?[0m ?[34mnull?[0m,
        id ?[34mbigint?[0m generated ?[34mby?[0m ?[34mdefault?[0m ?[34mas?[0m ?[34midentity?[0m,
        updated_at ?[34mtimestamp?[0m(6),
        content ?[34mvarchar?[0m(255) ?[34mnot?[0m ?[34mnull?[0m,
        ?[34mprimary?[0m ?[34mkey?[0m (id)
    )
?[35m[Hibernate]?[0m 
    ?[34mcreate?[0m ?[34mtable?[0m feeds (
        animal_id ?[34mbigint?[0m,
        created_at ?[34mtimestamp?[0m(6),
        id ?[34mbigint?[0m generated ?[34mby?[0m ?[34mdefault?[0m ?[34mas?[0m ?[34midentity?[0m,
        updated_at ?[34mtimestamp?[0m(6),
        user_id ?[34mbigint?[0m,
        content TEXT ?[34mnot?[0m ?[34mnull?[0m,
        image_url ?[34mvarchar?[0m(255),
        title ?[34mvarchar?[0m(255) ?[34mnot?[0m ?[34mnull?[0m,
        category enum (?[36m'ADOPTION_REVIEW'?[0m,?[36m'?[34mFREE?[0m'?[0m,?[36m'VOLUNTEER'?[0m) ?[34mnot?[0m ?[34mnull?[0m,
        ?[34mprimary?[0m ?[34mkey?[0m (id)
    )
?[35m[Hibernate]?[0m 
    ?[34mcreate?[0m ?[34mtable?[0m users (
        daily_heart_count ?[34minteger?[0m ?[34mnot?[0m ?[34mnull?[0m,
        last_heart_reset_date ?[34mdate?[0m ?[34mnot?[0m ?[34mnull?[0m,
        created_at ?[34mtimestamp?[0m(6),
        id ?[34mbigint?[0m generated ?[34mby?[0m ?[34mdefault?[0m ?[34mas?[0m ?[34midentity?[0m,
        updated_at ?[34mtimestamp?[0m(6),
        nickname ?[34mvarchar?[0m(255) ?[34mnot?[0m ?[34mnull?[0m,
        password ?[34mvarchar?[0m(255) ?[34mnot?[0m ?[34mnull?[0m,
        role ?[34mvarchar?[0m(255) ?[34mnot?[0m ?[34mnull?[0m,
        username ?[34mvarchar?[0m(255) ?[34mnot?[0m ?[34mnull?[0m,
        ?[34mprimary?[0m ?[34mkey?[0m (id)
    )
?[35m[Hibernate]?[0m 
    ?[34malter?[0m ?[34mtable?[0m ?[34mif?[0m ?[34mexists?[0m animal_comments 
       ?[34madd?[0m ?[34mconstraint?[0m FK1fs31xyu4s0d8mykmtjircluc 
       ?[34mforeign?[0m ?[34mkey?[0m (animal_id) 
       ?[34mreferences?[0m animals
?[35m[Hibernate]?[0m 
    ?[34malter?[0m ?[34mtable?[0m ?[34mif?[0m ?[34mexists?[0m cheers 
       ?[34madd?[0m ?[34mconstraint?[0m FKtpbveq5klyc69jji20nmutxwt 
       ?[34mforeign?[0m ?[34mkey?[0m (animal_id) 
       ?[34mreferences?[0m animals
?[35m[Hibernate]?[0m 
    ?[34malter?[0m ?[34mtable?[0m ?[34mif?[0m ?[34mexists?[0m cheers 
       ?[34madd?[0m ?[34mconstraint?[0m FKjhh46lvrwvbaqw2si5qmf87r 
       ?[34mforeign?[0m ?[34mkey?[0m (user_id) 
       ?[34mreferences?[0m users
?[35m[Hibernate]?[0m 
    ?[34malter?[0m ?[34mtable?[0m ?[34mif?[0m ?[34mexists?[0m feed_comments 
       ?[34madd?[0m ?[34mconstraint?[0m FKn7r28qkiwh2mjgj95an5v8bx5 
       ?[34mforeign?[0m ?[34mkey?[0m (feed_id) 
       ?[34mreferences?[0m feeds
?[35m[Hibernate]?[0m 
    ?[34malter?[0m ?[34mtable?[0m ?[34mif?[0m ?[34mexists?[0m feeds 
       ?[34madd?[0m ?[34mconstraint?[0m FK7xt9nj3puv65rdreifvbfuatd 
       ?[34mforeign?[0m ?[34mkey?[0m (animal_id) 
       ?[34mreferences?[0m animals
?[35m[Hibernate]?[0m 
    ?[34malter?[0m ?[34mtable?[0m ?[34mif?[0m ?[34mexists?[0m feeds 
       ?[34madd?[0m ?[34mconstraint?[0m FKa4nmt7wyx9clm9okj61dgd1tw 
       ?[34mforeign?[0m ?[34mkey?[0m (user_id) 
       ?[34mreferences?[0m users
?[2m2026-04-14T15:49:49.567+09:00?[0;39m ?[32m INFO?[0;39m ?[35m90770?[0;39m ?[2m--- [demo] [    Test worker] ?[0;39m?[36mj.LocalContainerEntityManagerFactoryBean?[0;39m ?[2m:?[0;39m Initialized JPA EntityManagerFactory for persistence unit 'default'
?[2m2026-04-14T15:49:49.727+09:00?[0;39m ?[33m WARN?[0;39m ?[35m90770?[0;39m ?[2m--- [demo] [    Test worker] ?[0;39m?[36mJpaBaseConfiguration$JpaWebConfiguration?[0;39m ?[2m:?[0;39m spring.jpa.open-in-view is enabled by default. Therefore, database queries may be performed during view rendering. Explicitly configure spring.jpa.open-in-view to disable this warning
?[2m2026-04-14T15:49:50.252+09:00?[0;39m ?[32m INFO?[0;39m ?[35m90770?[0;39m ?[2m--- [demo] [    Test worker] ?[0;39m?[36mc.t.demo.animal.AnimalSyncServiceTest   ?[0;39m ?[2m:?[0;39m Started AnimalSyncServiceTest in 1.186 seconds (process running for 8.671)
?[2m2026-04-14T15:49:50.254+09:00?[0;39m ?[33m WARN?[0;39m ?[35m90770?[0;39m ?[2m--- [demo] [    Test worker] ?[0;39m?[36mo.s.core.events.SpringDocAppInitializer ?[0;39m ?[2m:?[0;39m SpringDoc /v3/api-docs endpoint is enabled by default. To disable it in production, set the property 'springdoc.api-docs.enabled=false'
?[2m2026-04-14T15:49:50.254+09:00?[0;39m ?[33m WARN?[0;39m ?[35m90770?[0;39m ?[2m--- [demo] [    Test worker] ?[0;39m?[36mo.s.core.events.SpringDocAppInitializer ?[0;39m ?[2m:?[0;39m SpringDoc /swagger-ui.html endpoint is enabled by default. To disable it in production, set the property 'springdoc.swagger-ui.enabled=false'
?[35m[Hibernate]?[0m 
    /* ?[34mSELECT?[0m
        a.id 
    ?[34mFROM?[0m
        Animal a 
    ?[34mWHERE?[0m
        a.desertionNo = :desertionNo */ ?[34mselect?[0m
            a1_0.id 
        ?[34mfrom?[0m
            animals a1_0 
        ?[34mwhere?[0m
            a1_0.desertion_no=? 
        ?[34mfetch?[0m
            ?[34mfirst?[0m ? ?[34mrows?[0m ?[34monly?[0m
?[2m2026-04-14T15:49:51.850+09:00?[0;39m ?[32mTRACE?[0;39m ?[35m90770?[0;39m ?[2m--- [demo] [    Test worker] ?[0;39m?[36morg.hibernate.orm.jdbc.bind             ?[0;39m ?[2m:?[0;39m binding parameter (1:VARCHAR) <- [448540202600347]
?[2m2026-04-14T15:49:51.851+09:00?[0;39m ?[32mTRACE?[0;39m ?[35m90770?[0;39m ?[2m--- [demo] [    Test worker] ?[0;39m?[36morg.hibernate.orm.jdbc.bind             ?[0;39m ?[2m:?[0;39m binding parameter (2:INTEGER) <- [1]
?[35m[Hibernate]?[0m 
    /* ?[34mSELECT?[0m
        a.id 
    ?[34mFROM?[0m
        Animal a 
    ?[34mWHERE?[0m
        a.desertionNo = :desertionNo */ ?[34mselect?[0m
            a1_0.id 
        ?[34mfrom?[0m
            animals a1_0 
        ?[34mwhere?[0m
            a1_0.desertion_no=? 
        ?[34mfetch?[0m
            ?[34mfirst?[0m ? ?[34mrows?[0m ?[34monly?[0m
?[2m2026-04-14T15:49:51.867+09:00?[0;39m ?[32mTRACE?[0;39m ?[35m90770?[0;39m ?[2m--- [demo] [    Test worker] ?[0;39m?[36morg.hibernate.orm.jdbc.bind             ?[0;39m ?[2m:?[0;39m binding parameter (1:VARCHAR) <- [448540202600346]
?[2m2026-04-14T15:49:51.867+09:00?[0;39m ?[32mTRACE?[0;39m ?[35m90770?[0;39m ?[2m--- [demo] [    Test worker] ?[0;39m?[36morg.hibernate.orm.jdbc.bind             ?[0;39m ?[2m:?[0;39m binding parameter (2:INTEGER) <- [1]
?[35m[Hibernate]?[0m 
    /* ?[34mSELECT?[0m
        a.id 
    ?[34mFROM?[0m
        Animal a 
    ?[34mWHERE?[0m
        a.desertionNo = :desertionNo */ ?[34mselect?[0m
            a1_0.id 
        ?[34mfrom?[0m
            animals a1_0 
        ?[34mwhere?[0m
            a1_0.desertion_no=? 
        ?[34mfetch?[0m
            ?[34mfirst?[0m ? ?[34mrows?[0m ?[34monly?[0m
?[2m2026-04-14T15:49:51.868+09:00?[0;39m ?[32mTRACE?[0;39m ?[35m90770?[0;39m ?[2m--- [demo] [    Test worker] ?[0;39m?[36morg.hibernate.orm.jdbc.bind             ?[0;39m ?[2m:?[0;39m binding parameter (1:VARCHAR) <- [448540202600345]
?[2m2026-04-14T15:49:51.869+09:00?[0;39m ?[32mTRACE?[0;39m ?[35m90770?[0;39m ?[2m--- [demo] [    Test worker] ?[0;39m?[36morg.hibernate.orm.jdbc.bind             ?[0;39m ?[2m:?[0;39m binding parameter (2:INTEGER) <- [1]
?[35m[Hibernate]?[0m 
    /* ?[34mSELECT?[0m
        a.id 
    ?[34mFROM?[0m
        Animal a 
    ?[34mWHERE?[0m
        a.desertionNo = :desertionNo */ ?[34mselect?[0m
            a1_0.id 
        ?[34mfrom?[0m
            animals a1_0 
        ?[34mwhere?[0m
            a1_0.desertion_no=? 
        ?[34mfetch?[0m
            ?[34mfirst?[0m ? ?[34mrows?[0m ?[34monly?[0m
?[2m2026-04-14T15:49:51.870+09:00?[0;39m ?[32mTRACE?[0;39m ?[35m90770?[0;39m ?[2m--- [demo] [    Test worker] ?[0;39m?[36morg.hibernate.orm.jdbc.bind             ?[0;39m ?[2m:?[0;39m binding parameter (1:VARCHAR) <- [448540202600344]
?[2m2026-04-14T15:49:51.870+09:00?[0;39m ?[32mTRACE?[0;39m ?[35m90770?[0;39m ?[2m--- [demo] [    Test worker] ?[0;39m?[36morg.hibernate.orm.jdbc.bind             ?[0;39m ?[2m:?[0;39m binding parameter (2:INTEGER) <- [1]
?[35m[Hibernate]?[0m 
    /* ?[34mSELECT?[0m
        a.id 
    ?[34mFROM?[0m
        Animal a 
    ?[34mWHERE?[0m
        a.desertionNo = :desertionNo */ ?[34mselect?[0m
            a1_0.id 
        ?[34mfrom?[0m
            animals a1_0 
        ?[34mwhere?[0m
            a1_0.desertion_no=? 
        ?[34mfetch?[0m
            ?[34mfirst?[0m ? ?[34mrows?[0m ?[34monly?[0m
?[2m2026-04-14T15:49:51.870+09:00?[0;39m ?[32mTRACE?[0;39m ?[35m90770?[0;39m ?[2m--- [demo] [    Test worker] ?[0;39m?[36morg.hibernate.orm.jdbc.bind             ?[0;39m ?[2m:?[0;39m binding parameter (1:VARCHAR) <- [448540202600343]
?[2m2026-04-14T15:49:51.870+09:00?[0;39m ?[32mTRACE?[0;39m ?[35m90770?[0;39m ?[2m--- [demo] [    Test worker] ?[0;39m?[36morg.hibernate.orm.jdbc.bind             ?[0;39m ?[2m:?[0;39m binding parameter (2:INTEGER) <- [1]
?[35m[Hibernate]?[0m 
    /* ?[34mSELECT?[0m
        a.id 
    ?[34mFROM?[0m
        Animal a 
    ?[34mWHERE?[0m
        a.desertionNo = :desertionNo */ ?[34mselect?[0m
            a1_0.id 
        ?[34mfrom?[0m
            animals a1_0 
        ?[34mwhere?[0m
            a1_0.desertion_no=? 
        ?[34mfetch?[0m
            ?[34mfirst?[0m ? ?[34mrows?[0m ?[34monly?[0m
?[2m2026-04-14T15:49:51.871+09:00?[0;39m ?[32mTRACE?[0;39m ?[35m90770?[0;39m ?[2m--- [demo] [    Test worker] ?[0;39m?[36morg.hibernate.orm.jdbc.bind             ?[0;39m ?[2m:?[0;39m binding parameter (1:VARCHAR) <- [448540202600342]
?[2m2026-04-14T15:49:51.871+09:00?[0;39m ?[32mTRACE?[0;39m ?[35m90770?[0;39m ?[2m--- [demo] [    Test worker] ?[0;39m?[36morg.hibernate.orm.jdbc.bind             ?[0;39m ?[2m:?[0;39m binding parameter (2:INTEGER) <- [1]
?[35m[Hibernate]?[0m 
    /* ?[34mSELECT?[0m
        a.id 
    ?[34mFROM?[0m
        Animal a 
    ?[34mWHERE?[0m
        a.desertionNo = :desertionNo */ ?[34mselect?[0m
            a1_0.id 
        ?[34mfrom?[0m
            animals a1_0 
        ?[34mwhere?[0m
            a1_0.desertion_no=? 
        ?[34mfetch?[0m
            ?[34mfirst?[0m ? ?[34mrows?[0m ?[34monly?[0m
?[2m2026-04-14T15:49:51.872+09:00?[0;39m ?[32mTRACE?[0;39m ?[35m90770?[0;39m ?[2m--- [demo] [    Test worker] ?[0;39m?[36morg.hibernate.orm.jdbc.bind             ?[0;39m ?[2m:?[0;39m binding parameter (1:VARCHAR) <- [448540202600341]
?[2m2026-04-14T15:49:51.872+09:00?[0;39m ?[32mTRACE?[0;39m ?[35m90770?[0;39m ?[2m--- [demo] [    Test worker] ?[0;39m?[36morg.hibernate.orm.jdbc.bind             ?[0;39m ?[2m:?[0;39m binding parameter (2:INTEGER) <- [1]
?[35m[Hibernate]?[0m 
    /* ?[34mSELECT?[0m
        a.id 
    ?[34mFROM?[0m
        Animal a 
    ?[34mWHERE?[0m
        a.desertionNo = :desertionNo */ ?[34mselect?[0m
            a1_0.id 
        ?[34mfrom?[0m
            animals a1_0 
        ?[34mwhere?[0m
            a1_0.desertion_no=? 
        ?[34mfetch?[0m
            ?[34mfirst?[0m ? ?[34mrows?[0m ?[34monly?[0m
?[2m2026-04-14T15:49:51.872+09:00?[0;39m ?[32mTRACE?[0;39m ?[35m90770?[0;39m ?[2m--- [demo] [    Test worker] ?[0;39m?[36morg.hibernate.orm.jdbc.bind             ?[0;39m ?[2m:?[0;39m binding parameter (1:VARCHAR) <- [448540202600340]
?[2m2026-04-14T15:49:51.872+09:00?[0;39m ?[32mTRACE?[0;39m ?[35m90770?[0;39m ?[2m--- [demo] [    Test worker] ?[0;39m?[36morg.hibernate.orm.jdbc.bind             ?[0;39m ?[2m:?[0;39m binding parameter (2:INTEGER) <- [1]
?[35m[Hibernate]?[0m 
    /* ?[34mSELECT?[0m
        a.id 
    ?[34mFROM?[0m
        Animal a 
    ?[34mWHERE?[0m
        a.desertionNo = :desertionNo */ ?[34mselect?[0m
            a1_0.id 
        ?[34mfrom?[0m
            animals a1_0 
        ?[34mwhere?[0m
            a1_0.desertion_no=? 
        ?[34mfetch?[0m
            ?[34mfirst?[0m ? ?[34mrows?[0m ?[34monly?[0m
?[2m2026-04-14T15:49:51.873+09:00?[0;39m ?[32mTRACE?[0;39m ?[35m90770?[0;39m ?[2m--- [demo] [    Test worker] ?[0;39m?[36morg.hibernate.orm.jdbc.bind             ?[0;39m ?[2m:?[0;39m binding parameter (1:VARCHAR) <- [448540202600339]
?[2m2026-04-14T15:49:51.873+09:00?[0;39m ?[32mTRACE?[0;39m ?[35m90770?[0;39m ?[2m--- [demo] [    Test worker] ?[0;39m?[36morg.hibernate.orm.jdbc.bind             ?[0;39m ?[2m:?[0;39m binding parameter (2:INTEGER) <- [1]
?[35m[Hibernate]?[0m 
    /* ?[34mSELECT?[0m
        a.id 
    ?[34mFROM?[0m
        Animal a 
    ?[34mWHERE?[0m
        a.desertionNo = :desertionNo */ ?[34mselect?[0m
            a1_0.id 
        ?[34mfrom?[0m
            animals a1_0 
        ?[34mwhere?[0m
            a1_0.desertion_no=? 
        ?[34mfetch?[0m
            ?[34mfirst?[0m ? ?[34mrows?[0m ?[34monly?[0m
?[2m2026-04-14T15:49:51.874+09:00?[0;39m ?[32mTRACE?[0;39m ?[35m90770?[0;39m ?[2m--- [demo] [    Test worker] ?[0;39m?[36morg.hibernate.orm.jdbc.bind             ?[0;39m ?[2m:?[0;39m binding parameter (1:VARCHAR) <- [448540202600338]
?[2m2026-04-14T15:49:51.874+09:00?[0;39m ?[32mTRACE?[0;39m ?[35m90770?[0;39m ?[2m--- [demo] [    Test worker] ?[0;39m?[36morg.hibernate.orm.jdbc.bind             ?[0;39m ?[2m:?[0;39m binding parameter (2:INTEGER) <- [1]
?[35m[Hibernate]?[0m 
    /* ?[34minsert?[0m 
    ?[34mfor?[0m
        com.team05.demo.domain.animal.entity.Animal
        */?[34minsert?[0m 
    ?[34minto?[0m
        animals (age, care_nm, care_tel, color_cd, created_at, desertion_no, kind_full_name, notice_edt, notice_no, popfile1, popfile2, process_state, sex_cd, total_cheer_count, up_kind_nm, updated_at, weight, id) 
    ?[34mvalues?[0m
        (?, ?, ?, ?, ?, ?, ?, ?, ?, ?, ?, ?, ?, ?, ?, ?, ?, ?[34mdefault?[0m)
?[2m2026-04-14T15:49:51.922+09:00?[0;39m ?[32mTRACE?[0;39m ?[35m90770?[0;39m ?[2m--- [demo] [    Test worker] ?[0;39m?[36morg.hibernate.orm.jdbc.bind             ?[0;39m ?[2m:?[0;39m binding parameter (1:VARCHAR) <- [2026(60일미만)(년생)]
?[2m2026-04-14T15:49:51.922+09:00?[0;39m ?[32mTRACE?[0;39m ?[35m90770?[0;39m ?[2m--- [demo] [    Test worker] ?[0;39m?[36morg.hibernate.orm.jdbc.bind             ?[0;39m ?[2m:?[0;39m binding parameter (2:VARCHAR) <- [함안군동물보호센터]
?[2m2026-04-14T15:49:51.922+09:00?[0;39m ?[32mTRACE?[0;39m ?[35m90770?[0;39m ?[2m--- [demo] [    Test worker] ?[0;39m?[36morg.hibernate.orm.jdbc.bind             ?[0;39m ?[2m:?[0;39m binding parameter (3:VARCHAR) <- [010-6248-2131]
?[2m2026-04-14T15:49:51.922+09:00?[0;39m ?[32mTRACE?[0;39m ?[35m90770?[0;39m ?[2m--- [demo] [    Test worker] ?[0;39m?[36morg.hibernate.orm.jdbc.bind             ?[0;39m ?[2m:?[0;39m binding parameter (4:VARCHAR) <- [갈색&검정]
?[2m2026-04-14T15:49:51.922+09:00?[0;39m ?[32mTRACE?[0;39m ?[35m90770?[0;39m ?[2m--- [demo] [    Test worker] ?[0;39m?[36morg.hibernate.orm.jdbc.bind             ?[0;39m ?[2m:?[0;39m binding parameter (5:TIMESTAMP) <- [2026-04-14T15:49:51.894129]
?[2m2026-04-14T15:49:51.923+09:00?[0;39m ?[32mTRACE?[0;39m ?[35m90770?[0;39m ?[2m--- [demo] [    Test worker] ?[0;39m?[36morg.hibernate.orm.jdbc.bind             ?[0;39m ?[2m:?[0;39m binding parameter (6:VARCHAR) <- [448540202600347]
?[2m2026-04-14T15:49:51.923+09:00?[0;39m ?[32mTRACE?[0;39m ?[35m90770?[0;39m ?[2m--- [demo] [    Test worker] ?[0;39m?[36morg.hibernate.orm.jdbc.bind             ?[0;39m ?[2m:?[0;39m binding parameter (7:VARCHAR) <- [[개] 믹스견]
?[2m2026-04-14T15:49:51.923+09:00?[0;39m ?[32mTRACE?[0;39m ?[35m90770?[0;39m ?[2m--- [demo] [    Test worker] ?[0;39m?[36morg.hibernate.orm.jdbc.bind             ?[0;39m ?[2m:?[0;39m binding parameter (8:DATE) <- [2026-04-24]
?[2m2026-04-14T15:49:51.924+09:00?[0;39m ?[32mTRACE?[0;39m ?[35m90770?[0;39m ?[2m--- [demo] [    Test worker] ?[0;39m?[36morg.hibernate.orm.jdbc.bind             ?[0;39m ?[2m:?[0;39m binding parameter (9:VARCHAR) <- [경남-함안-2026-00113]
?[2m2026-04-14T15:49:51.924+09:00?[0;39m ?[32mTRACE?[0;39m ?[35m90770?[0;39m ?[2m--- [demo] [    Test worker] ?[0;39m?[36morg.hibernate.orm.jdbc.bind             ?[0;39m ?[2m:?[0;39m binding parameter (10:VARCHAR) <- [http://openapi.animal.go.kr/openapi/service/rest/fileDownloadSrvc/files/shelter/2026/04/202604141104394[1].jpg]
?[2m2026-04-14T15:49:51.924+09:00?[0;39m ?[32mTRACE?[0;39m ?[35m90770?[0;39m ?[2m--- [demo] [    Test worker] ?[0;39m?[36morg.hibernate.orm.jdbc.bind             ?[0;39m ?[2m:?[0;39m binding parameter (11:VARCHAR) <- [http://openapi.animal.go.kr/openapi/service/rest/fileDownloadSrvc/files/shelter/2026/04/202604141104434.jpg]
?[2m2026-04-14T15:49:51.924+09:00?[0;39m ?[32mTRACE?[0;39m ?[35m90770?[0;39m ?[2m--- [demo] [    Test worker] ?[0;39m?[36morg.hibernate.orm.jdbc.bind             ?[0;39m ?[2m:?[0;39m binding parameter (12:VARCHAR) <- [보호중]
?[2m2026-04-14T15:49:51.924+09:00?[0;39m ?[32mTRACE?[0;39m ?[35m90770?[0;39m ?[2m--- [demo] [    Test worker] ?[0;39m?[36morg.hibernate.orm.jdbc.bind             ?[0;39m ?[2m:?[0;39m binding parameter (13:VARCHAR) <- [M]
?[2m2026-04-14T15:49:51.924+09:00?[0;39m ?[32mTRACE?[0;39m ?[35m90770?[0;39m ?[2m--- [demo] [    Test worker] ?[0;39m?[36morg.hibernate.orm.jdbc.bind             ?[0;39m ?[2m:?[0;39m binding parameter (14:INTEGER) <- [0]
?[2m2026-04-14T15:49:51.924+09:00?[0;39m ?[32mTRACE?[0;39m ?[35m90770?[0;39m ?[2m--- [demo] [    Test worker] ?[0;39m?[36morg.hibernate.orm.jdbc.bind             ?[0;39m ?[2m:?[0;39m binding parameter (15:VARCHAR) <- [개]
?[2m2026-04-14T15:49:51.924+09:00?[0;39m ?[32mTRACE?[0;39m ?[35m90770?[0;39m ?[2m--- [demo] [    Test worker] ?[0;39m?[36morg.hibernate.orm.jdbc.bind             ?[0;39m ?[2m:?[0;39m binding parameter (16:TIMESTAMP) <- [2026-04-14T15:49:51.894129]
?[2m2026-04-14T15:49:51.924+09:00?[0;39m ?[32mTRACE?[0;39m ?[35m90770?[0;39m ?[2m--- [demo] [    Test worker] ?[0;39m?[36morg.hibernate.orm.jdbc.bind             ?[0;39m ?[2m:?[0;39m binding parameter (17:VARCHAR) <- [2.7(Kg)]
?[2m2026-04-14T15:49:51.930+09:00?[0;39m ?[32mTRACE?[0;39m ?[35m90770?[0;39m ?[2m--- [demo] [    Test worker] ?[0;39m?[36morg.hibernate.orm.jdbc.extract          ?[0;39m ?[2m:?[0;39m extracted value (1:BIGINT) -> [1]
?[35m[Hibernate]?[0m 
    /* ?[34minsert?[0m 
    ?[34mfor?[0m
        com.team05.demo.domain.animal.entity.Animal
        */?[34minsert?[0m 
    ?[34minto?[0m
        animals (age, care_nm, care_tel, color_cd, created_at, desertion_no, kind_full_name, notice_edt, notice_no, popfile1, popfile2, process_state, sex_cd, total_cheer_count, up_kind_nm, updated_at, weight, id) 
    ?[34mvalues?[0m
        (?, ?, ?, ?, ?, ?, ?, ?, ?, ?, ?, ?, ?, ?, ?, ?, ?, ?[34mdefault?[0m)
?[2m2026-04-14T15:49:51.933+09:00?[0;39m ?[32mTRACE?[0;39m ?[35m90770?[0;39m ?[2m--- [demo] [    Test worker] ?[0;39m?[36morg.hibernate.orm.jdbc.bind             ?[0;39m ?[2m:?[0;39m binding parameter (1:VARCHAR) <- [2026(60일미만)(년생)]
?[2m2026-04-14T15:49:51.933+09:00?[0;39m ?[32mTRACE?[0;39m ?[35m90770?[0;39m ?[2m--- [demo] [    Test worker] ?[0;39m?[36morg.hibernate.orm.jdbc.bind             ?[0;39m ?[2m:?[0;39m binding parameter (2:VARCHAR) <- [함안군동물보호센터]
?[2m2026-04-14T15:49:51.934+09:00?[0;39m ?[32mTRACE?[0;39m ?[35m90770?[0;39m ?[2m--- [demo] [    Test worker] ?[0;39m?[36morg.hibernate.orm.jdbc.bind             ?[0;39m ?[2m:?[0;39m binding parameter (3:VARCHAR) <- [010-6248-2131]
?[2m2026-04-14T15:49:51.934+09:00?[0;39m ?[32mTRACE?[0;39m ?[35m90770?[0;39m ?[2m--- [demo] [    Test worker] ?[0;39m?[36morg.hibernate.orm.jdbc.bind             ?[0;39m ?[2m:?[0;39m binding parameter (4:VARCHAR) <- [갈색&검정&흰색]
?[2m2026-04-14T15:49:51.934+09:00?[0;39m ?[32mTRACE?[0;39m ?[35m90770?[0;39m ?[2m--- [demo] [    Test worker] ?[0;39m?[36morg.hibernate.orm.jdbc.bind             ?[0;39m ?[2m:?[0;39m binding parameter (5:TIMESTAMP) <- [2026-04-14T15:49:51.933165]
?[2m2026-04-14T15:49:51.934+09:00?[0;39m ?[32mTRACE?[0;39m ?[35m90770?[0;39m ?[2m--- [demo] [    Test worker] ?[0;39m?[36morg.hibernate.orm.jdbc.bind             ?[0;39m ?[2m:?[0;39m binding parameter (6:VARCHAR) <- [448540202600346]
?[2m2026-04-14T15:49:51.934+09:00?[0;39m ?[32mTRACE?[0;39m ?[35m90770?[0;39m ?[2m--- [demo] [    Test worker] ?[0;39m?[36morg.hibernate.orm.jdbc.bind             ?[0;39m ?[2m:?[0;39m binding parameter (7:VARCHAR) <- [[개] 믹스견]
?[2m2026-04-14T15:49:51.934+09:00?[0;39m ?[32mTRACE?[0;39m ?[35m90770?[0;39m ?[2m--- [demo] [    Test worker] ?[0;39m?[36morg.hibernate.orm.jdbc.bind             ?[0;39m ?[2m:?[0;39m binding parameter (8:DATE) <- [2026-04-24]
?[2m2026-04-14T15:49:51.934+09:00?[0;39m ?[32mTRACE?[0;39m ?[35m90770?[0;39m ?[2m--- [demo] [    Test worker] ?[0;39m?[36morg.hibernate.orm.jdbc.bind             ?[0;39m ?[2m:?[0;39m binding parameter (9:VARCHAR) <- [경남-함안-2026-00112]
?[2m2026-04-14T15:49:51.934+09:00?[0;39m ?[32mTRACE?[0;39m ?[35m90770?[0;39m ?[2m--- [demo] [    Test worker] ?[0;39m?[36morg.hibernate.orm.jdbc.bind             ?[0;39m ?[2m:?[0;39m binding parameter (10:VARCHAR) <- [http://openapi.animal.go.kr/openapi/service/rest/fileDownloadSrvc/files/shelter/2026/04/202604141104259.jpg]
?[2m2026-04-14T15:49:51.934+09:00?[0;39m ?[32mTRACE?[0;39m ?[35m90770?[0;39m ?[2m--- [demo] [    Test worker] ?[0;39m?[36morg.hibernate.orm.jdbc.bind             ?[0;39m ?[2m:?[0;39m binding parameter (11:VARCHAR) <- [http://openapi.animal.go.kr/openapi/service/rest/fileDownloadSrvc/files/shelter/2026/04/202604141104297.jpg]
?[2m2026-04-14T15:49:51.934+09:00?[0;39m ?[32mTRACE?[0;39m ?[35m90770?[0;39m ?[2m--- [demo] [    Test worker] ?[0;39m?[36morg.hibernate.orm.jdbc.bind             ?[0;39m ?[2m:?[0;39m binding parameter (12:VARCHAR) <- [보호중]
?[2m2026-04-14T15:49:51.934+09:00?[0;39m ?[32mTRACE?[0;39m ?[35m90770?[0;39m ?[2m--- [demo] [    Test worker] ?[0;39m?[36morg.hibernate.orm.jdbc.bind             ?[0;39m ?[2m:?[0;39m binding parameter (13:VARCHAR) <- [F]
?[2m2026-04-14T15:49:51.934+09:00?[0;39m ?[32mTRACE?[0;39m ?[35m90770?[0;39m ?[2m--- [demo] [    Test worker] ?[0;39m?[36morg.hibernate.orm.jdbc.bind             ?[0;39m ?[2m:?[0;39m binding parameter (14:INTEGER) <- [0]
?[2m2026-04-14T15:49:51.934+09:00?[0;39m ?[32mTRACE?[0;39m ?[35m90770?[0;39m ?[2m--- [demo] [    Test worker] ?[0;39m?[36morg.hibernate.orm.jdbc.bind             ?[0;39m ?[2m:?[0;39m binding parameter (15:VARCHAR) <- [개]
?[2m2026-04-14T15:49:51.934+09:00?[0;39m ?[32mTRACE?[0;39m ?[35m90770?[0;39m ?[2m--- [demo] [    Test worker] ?[0;39m?[36morg.hibernate.orm.jdbc.bind             ?[0;39m ?[2m:?[0;39m binding parameter (16:TIMESTAMP) <- [2026-04-14T15:49:51.933165]
?[2m2026-04-14T15:49:51.934+09:00?[0;39m ?[32mTRACE?[0;39m ?[35m90770?[0;39m ?[2m--- [demo] [    Test worker] ?[0;39m?[36morg.hibernate.orm.jdbc.bind             ?[0;39m ?[2m:?[0;39m binding parameter (17:VARCHAR) <- [2.5(Kg)]
?[2m2026-04-14T15:49:51.935+09:00?[0;39m ?[32mTRACE?[0;39m ?[35m90770?[0;39m ?[2m--- [demo] [    Test worker] ?[0;39m?[36morg.hibernate.orm.jdbc.extract          ?[0;39m ?[2m:?[0;39m extracted value (1:BIGINT) -> [2]
?[35m[Hibernate]?[0m 
    /* ?[34minsert?[0m 
    ?[34mfor?[0m
        com.team05.demo.domain.animal.entity.Animal
        */?[34minsert?[0m 
    ?[34minto?[0m
        animals (age, care_nm, care_tel, color_cd, created_at, desertion_no, kind_full_name, notice_edt, notice_no, popfile1, popfile2, process_state, sex_cd, total_cheer_count, up_kind_nm, updated_at, weight, id) 
    ?[34mvalues?[0m
        (?, ?, ?, ?, ?, ?, ?, ?, ?, ?, ?, ?, ?, ?, ?, ?, ?, ?[34mdefault?[0m)
?[2m2026-04-14T15:49:51.936+09:00?[0;39m ?[32mTRACE?[0;39m ?[35m90770?[0;39m ?[2m--- [demo] [    Test worker] ?[0;39m?[36morg.hibernate.orm.jdbc.bind             ?[0;39m ?[2m:?[0;39m binding parameter (1:VARCHAR) <- [2026(년생)]
?[2m2026-04-14T15:49:51.936+09:00?[0;39m ?[32mTRACE?[0;39m ?[35m90770?[0;39m ?[2m--- [demo] [    Test worker] ?[0;39m?[36morg.hibernate.orm.jdbc.bind             ?[0;39m ?[2m:?[0;39m binding parameter (2:VARCHAR) <- [함안군동물보호센터]
?[2m2026-04-14T15:49:51.936+09:00?[0;39m ?[32mTRACE?[0;39m ?[35m90770?[0;39m ?[2m--- [demo] [    Test worker] ?[0;39m?[36morg.hibernate.orm.jdbc.bind             ?[0;39m ?[2m:?[0;39m binding parameter (3:VARCHAR) <- [010-6248-2131]
?[2m2026-04-14T15:49:51.936+09:00?[0;39m ?[32mTRACE?[0;39m ?[35m90770?[0;39m ?[2m--- [demo] [    Test worker] ?[0;39m?[36morg.hibernate.orm.jdbc.bind             ?[0;39m ?[2m:?[0;39m binding parameter (4:VARCHAR) <- [갈색&흰색]
?[2m2026-04-14T15:49:51.936+09:00?[0;39m ?[32mTRACE?[0;39m ?[35m90770?[0;39m ?[2m--- [demo] [    Test worker] ?[0;39m?[36morg.hibernate.orm.jdbc.bind             ?[0;39m ?[2m:?[0;39m binding parameter (5:TIMESTAMP) <- [2026-04-14T15:49:51.935625]
?[2m2026-04-14T15:49:51.936+09:00?[0;39m ?[32mTRACE?[0;39m ?[35m90770?[0;39m ?[2m--- [demo] [    Test worker] ?[0;39m?[36morg.hibernate.orm.jdbc.bind             ?[0;39m ?[2m:?[0;39m binding parameter (6:VARCHAR) <- [448540202600345]
?[2m2026-04-14T15:49:51.936+09:00?[0;39m ?[32mTRACE?[0;39m ?[35m90770?[0;39m ?[2m--- [demo] [    Test worker] ?[0;39m?[36morg.hibernate.orm.jdbc.bind             ?[0;39m ?[2m:?[0;39m binding parameter (7:VARCHAR) <- [[개] 믹스견]
?[2m2026-04-14T15:49:51.936+09:00?[0;39m ?[32mTRACE?[0;39m ?[35m90770?[0;39m ?[2m--- [demo] [    Test worker] ?[0;39m?[36morg.hibernate.orm.jdbc.bind             ?[0;39m ?[2m:?[0;39m binding parameter (8:DATE) <- [2026-04-24]
?[2m2026-04-14T15:49:51.936+09:00?[0;39m ?[32mTRACE?[0;39m ?[35m90770?[0;39m ?[2m--- [demo] [    Test worker] ?[0;39m?[36morg.hibernate.orm.jdbc.bind             ?[0;39m ?[2m:?[0;39m binding parameter (9:VARCHAR) <- [경남-함안-2026-00111]
?[2m2026-04-14T15:49:51.936+09:00?[0;39m ?[32mTRACE?[0;39m ?[35m90770?[0;39m ?[2m--- [demo] [    Test worker] ?[0;39m?[36morg.hibernate.orm.jdbc.bind             ?[0;39m ?[2m:?[0;39m binding parameter (10:VARCHAR) <- [http://openapi.animal.go.kr/openapi/service/rest/fileDownloadSrvc/files/shelter/2026/04/202604141104214.jpg]
?[2m2026-04-14T15:49:51.936+09:00?[0;39m ?[32mTRACE?[0;39m ?[35m90770?[0;39m ?[2m--- [demo] [    Test worker] ?[0;39m?[36morg.hibernate.orm.jdbc.bind             ?[0;39m ?[2m:?[0;39m binding parameter (11:VARCHAR) <- [http://openapi.animal.go.kr/openapi/service/rest/fileDownloadSrvc/files/shelter/2026/04/202604141104298[2].jpg]
?[2m2026-04-14T15:49:51.936+09:00?[0;39m ?[32mTRACE?[0;39m ?[35m90770?[0;39m ?[2m--- [demo] [    Test worker] ?[0;39m?[36morg.hibernate.orm.jdbc.bind             ?[0;39m ?[2m:?[0;39m binding parameter (12:VARCHAR) <- [보호중]
?[2m2026-04-14T15:49:51.936+09:00?[0;39m ?[32mTRACE?[0;39m ?[35m90770?[0;39m ?[2m--- [demo] [    Test worker] ?[0;39m?[36morg.hibernate.orm.jdbc.bind             ?[0;39m ?[2m:?[0;39m binding parameter (13:VARCHAR) <- [F]
?[2m2026-04-14T15:49:51.936+09:00?[0;39m ?[32mTRACE?[0;39m ?[35m90770?[0;39m ?[2m--- [demo] [    Test worker] ?[0;39m?[36morg.hibernate.orm.jdbc.bind             ?[0;39m ?[2m:?[0;39m binding parameter (14:INTEGER) <- [0]
?[2m2026-04-14T15:49:51.936+09:00?[0;39m ?[32mTRACE?[0;39m ?[35m90770?[0;39m ?[2m--- [demo] [    Test worker] ?[0;39m?[36morg.hibernate.orm.jdbc.bind             ?[0;39m ?[2m:?[0;39m binding parameter (15:VARCHAR) <- [개]
?[2m2026-04-14T15:49:51.936+09:00?[0;39m ?[32mTRACE?[0;39m ?[35m90770?[0;39m ?[2m--- [demo] [    Test worker] ?[0;39m?[36morg.hibernate.orm.jdbc.bind             ?[0;39m ?[2m:?[0;39m binding parameter (16:TIMESTAMP) <- [2026-04-14T15:49:51.935625]
?[2m2026-04-14T15:49:51.936+09:00?[0;39m ?[32mTRACE?[0;39m ?[35m90770?[0;39m ?[2m--- [demo] [    Test worker] ?[0;39m?[36morg.hibernate.orm.jdbc.bind             ?[0;39m ?[2m:?[0;39m binding parameter (17:VARCHAR) <- [2.8(Kg)]
?[2m2026-04-14T15:49:51.937+09:00?[0;39m ?[32mTRACE?[0;39m ?[35m90770?[0;39m ?[2m--- [demo] [    Test worker] ?[0;39m?[36morg.hibernate.orm.jdbc.extract          ?[0;39m ?[2m:?[0;39m extracted value (1:BIGINT) -> [3]
?[35m[Hibernate]?[0m 
    /* ?[34minsert?[0m 
    ?[34mfor?[0m
        com.team05.demo.domain.animal.entity.Animal
        */?[34minsert?[0m 
    ?[34minto?[0m
        animals (age, care_nm, care_tel, color_cd, created_at, desertion_no, kind_full_name, notice_edt, notice_no, popfile1, popfile2, process_state, sex_cd, total_cheer_count, up_kind_nm, updated_at, weight, id) 
    ?[34mvalues?[0m
        (?, ?, ?, ?, ?, ?, ?, ?, ?, ?, ?, ?, ?, ?, ?, ?, ?, ?[34mdefault?[0m)
?[2m2026-04-14T15:49:51.937+09:00?[0;39m ?[32mTRACE?[0;39m ?[35m90770?[0;39m ?[2m--- [demo] [    Test worker] ?[0;39m?[36morg.hibernate.orm.jdbc.bind             ?[0;39m ?[2m:?[0;39m binding parameter (1:VARCHAR) <- [2026(60일미만)(년생)]
?[2m2026-04-14T15:49:51.937+09:00?[0;39m ?[32mTRACE?[0;39m ?[35m90770?[0;39m ?[2m--- [demo] [    Test worker] ?[0;39m?[36morg.hibernate.orm.jdbc.bind             ?[0;39m ?[2m:?[0;39m binding parameter (2:VARCHAR) <- [함안군동물보호센터]
?[2m2026-04-14T15:49:51.938+09:00?[0;39m ?[32mTRACE?[0;39m ?[35m90770?[0;39m ?[2m--- [demo] [    Test worker] ?[0;39m?[36morg.hibernate.orm.jdbc.bind             ?[0;39m ?[2m:?[0;39m binding parameter (3:VARCHAR) <- [010-6248-2131]
?[2m2026-04-14T15:49:51.938+09:00?[0;39m ?[32mTRACE?[0;39m ?[35m90770?[0;39m ?[2m--- [demo] [    Test worker] ?[0;39m?[36morg.hibernate.orm.jdbc.bind             ?[0;39m ?[2m:?[0;39m binding parameter (4:VARCHAR) <- [갈색&검정&흰색]
?[2m2026-04-14T15:49:51.938+09:00?[0;39m ?[32mTRACE?[0;39m ?[35m90770?[0;39m ?[2m--- [demo] [    Test worker] ?[0;39m?[36morg.hibernate.orm.jdbc.bind             ?[0;39m ?[2m:?[0;39m binding parameter (5:TIMESTAMP) <- [2026-04-14T15:49:51.937520]
?[2m2026-04-14T15:49:51.938+09:00?[0;39m ?[32mTRACE?[0;39m ?[35m90770?[0;39m ?[2m--- [demo] [    Test worker] ?[0;39m?[36morg.hibernate.orm.jdbc.bind             ?[0;39m ?[2m:?[0;39m binding parameter (6:VARCHAR) <- [448540202600344]
?[2m2026-04-14T15:49:51.938+09:00?[0;39m ?[32mTRACE?[0;39m ?[35m90770?[0;39m ?[2m--- [demo] [    Test worker] ?[0;39m?[36morg.hibernate.orm.jdbc.bind             ?[0;39m ?[2m:?[0;39m binding parameter (7:VARCHAR) <- [[개] 믹스견]
?[2m2026-04-14T15:49:51.938+09:00?[0;39m ?[32mTRACE?[0;39m ?[35m90770?[0;39m ?[2m--- [demo] [    Test worker] ?[0;39m?[36morg.hibernate.orm.jdbc.bind             ?[0;39m ?[2m:?[0;39m binding parameter (8:DATE) <- [2026-04-24]
?[2m2026-04-14T15:49:51.938+09:00?[0;39m ?[32mTRACE?[0;39m ?[35m90770?[0;39m ?[2m--- [demo] [    Test worker] ?[0;39m?[36morg.hibernate.orm.jdbc.bind             ?[0;39m ?[2m:?[0;39m binding parameter (9:VARCHAR) <- [경남-함안-2026-00110]
?[2m2026-04-14T15:49:51.938+09:00?[0;39m ?[32mTRACE?[0;39m ?[35m90770?[0;39m ?[2m--- [demo] [    Test worker] ?[0;39m?[36morg.hibernate.orm.jdbc.bind             ?[0;39m ?[2m:?[0;39m binding parameter (10:VARCHAR) <- [http://openapi.animal.go.kr/openapi/service/rest/fileDownloadSrvc/files/shelter/2026/04/202604141104319.jpg]
?[2m2026-04-14T15:49:51.938+09:00?[0;39m ?[32mTRACE?[0;39m ?[35m90770?[0;39m ?[2m--- [demo] [    Test worker] ?[0;39m?[36morg.hibernate.orm.jdbc.bind             ?[0;39m ?[2m:?[0;39m binding parameter (11:VARCHAR) <- [http://openapi.animal.go.kr/openapi/service/rest/fileDownloadSrvc/files/shelter/2026/04/202604141104367[1].jpg]
?[2m2026-04-14T15:49:51.938+09:00?[0;39m ?[32mTRACE?[0;39m ?[35m90770?[0;39m ?[2m--- [demo] [    Test worker] ?[0;39m?[36morg.hibernate.orm.jdbc.bind             ?[0;39m ?[2m:?[0;39m binding parameter (12:VARCHAR) <- [보호중]
?[2m2026-04-14T15:49:51.938+09:00?[0;39m ?[32mTRACE?[0;39m ?[35m90770?[0;39m ?[2m--- [demo] [    Test worker] ?[0;39m?[36morg.hibernate.orm.jdbc.bind             ?[0;39m ?[2m:?[0;39m binding parameter (13:VARCHAR) <- [M]
?[2m2026-04-14T15:49:51.938+09:00?[0;39m ?[32mTRACE?[0;39m ?[35m90770?[0;39m ?[2m--- [demo] [    Test worker] ?[0;39m?[36morg.hibernate.orm.jdbc.bind             ?[0;39m ?[2m:?[0;39m binding parameter (14:INTEGER) <- [0]
?[2m2026-04-14T15:49:51.938+09:00?[0;39m ?[32mTRACE?[0;39m ?[35m90770?[0;39m ?[2m--- [demo] [    Test worker] ?[0;39m?[36morg.hibernate.orm.jdbc.bind             ?[0;39m ?[2m:?[0;39m binding parameter (15:VARCHAR) <- [개]
?[2m2026-04-14T15:49:51.938+09:00?[0;39m ?[32mTRACE?[0;39m ?[35m90770?[0;39m ?[2m--- [demo] [    Test worker] ?[0;39m?[36morg.hibernate.orm.jdbc.bind             ?[0;39m ?[2m:?[0;39m binding parameter (16:TIMESTAMP) <- [2026-04-14T15:49:51.937520]
?[2m2026-04-14T15:49:51.938+09:00?[0;39m ?[32mTRACE?[0;39m ?[35m90770?[0;39m ?[2m--- [demo] [    Test worker] ?[0;39m?[36morg.hibernate.orm.jdbc.bind             ?[0;39m ?[2m:?[0;39m binding parameter (17:VARCHAR) <- [2.3(Kg)]
?[2m2026-04-14T15:49:51.939+09:00?[0;39m ?[32mTRACE?[0;39m ?[35m90770?[0;39m ?[2m--- [demo] [    Test worker] ?[0;39m?[36morg.hibernate.orm.jdbc.extract          ?[0;39m ?[2m:?[0;39m extracted value (1:BIGINT) -> [4]
?[35m[Hibernate]?[0m 
    /* ?[34minsert?[0m 
    ?[34mfor?[0m
        com.team05.demo.domain.animal.entity.Animal
        */?[34minsert?[0m 
    ?[34minto?[0m
        animals (age, care_nm, care_tel, color_cd, created_at, desertion_no, kind_full_name, notice_edt, notice_no, popfile1, popfile2, process_state, sex_cd, total_cheer_count, up_kind_nm, updated_at, weight, id) 
    ?[34mvalues?[0m
        (?, ?, ?, ?, ?, ?, ?, ?, ?, ?, ?, ?, ?, ?, ?, ?, ?, ?[34mdefault?[0m)
?[2m2026-04-14T15:49:51.939+09:00?[0;39m ?[32mTRACE?[0;39m ?[35m90770?[0;39m ?[2m--- [demo] [    Test worker] ?[0;39m?[36morg.hibernate.orm.jdbc.bind             ?[0;39m ?[2m:?[0;39m binding parameter (1:VARCHAR) <- [2026(60일미만)(년생)]
?[2m2026-04-14T15:49:51.939+09:00?[0;39m ?[32mTRACE?[0;39m ?[35m90770?[0;39m ?[2m--- [demo] [    Test worker] ?[0;39m?[36morg.hibernate.orm.jdbc.bind             ?[0;39m ?[2m:?[0;39m binding parameter (2:VARCHAR) <- [함안군동물보호센터]
?[2m2026-04-14T15:49:51.939+09:00?[0;39m ?[32mTRACE?[0;39m ?[35m90770?[0;39m ?[2m--- [demo] [    Test worker] ?[0;39m?[36morg.hibernate.orm.jdbc.bind             ?[0;39m ?[2m:?[0;39m binding parameter (3:VARCHAR) <- [010-6248-2131]
?[2m2026-04-14T15:49:51.939+09:00?[0;39m ?[32mTRACE?[0;39m ?[35m90770?[0;39m ?[2m--- [demo] [    Test worker] ?[0;39m?[36morg.hibernate.orm.jdbc.bind             ?[0;39m ?[2m:?[0;39m binding parameter (4:VARCHAR) <- [갈색&검정&흰색]
?[2m2026-04-14T15:49:51.939+09:00?[0;39m ?[32mTRACE?[0;39m ?[35m90770?[0;39m ?[2m--- [demo] [    Test worker] ?[0;39m?[36morg.hibernate.orm.jdbc.bind             ?[0;39m ?[2m:?[0;39m binding parameter (5:TIMESTAMP) <- [2026-04-14T15:49:51.939320]
?[2m2026-04-14T15:49:51.939+09:00?[0;39m ?[32mTRACE?[0;39m ?[35m90770?[0;39m ?[2m--- [demo] [    Test worker] ?[0;39m?[36morg.hibernate.orm.jdbc.bind             ?[0;39m ?[2m:?[0;39m binding parameter (6:VARCHAR) <- [448540202600343]
?[2m2026-04-14T15:49:51.940+09:00?[0;39m ?[32mTRACE?[0;39m ?[35m90770?[0;39m ?[2m--- [demo] [    Test worker] ?[0;39m?[36morg.hibernate.orm.jdbc.bind             ?[0;39m ?[2m:?[0;39m binding parameter (7:VARCHAR) <- [[개] 믹스견]
?[2m2026-04-14T15:49:51.940+09:00?[0;39m ?[32mTRACE?[0;39m ?[35m90770?[0;39m ?[2m--- [demo] [    Test worker] ?[0;39m?[36morg.hibernate.orm.jdbc.bind             ?[0;39m ?[2m:?[0;39m binding parameter (8:DATE) <- [2026-04-24]
?[2m2026-04-14T15:49:51.940+09:00?[0;39m ?[32mTRACE?[0;39m ?[35m90770?[0;39m ?[2m--- [demo] [    Test worker] ?[0;39m?[36morg.hibernate.orm.jdbc.bind             ?[0;39m ?[2m:?[0;39m binding parameter (9:VARCHAR) <- [경남-함안-2026-00109]
?[2m2026-04-14T15:49:51.940+09:00?[0;39m ?[32mTRACE?[0;39m ?[35m90770?[0;39m ?[2m--- [demo] [    Test worker] ?[0;39m?[36morg.hibernate.orm.jdbc.bind             ?[0;39m ?[2m:?[0;39m binding parameter (10:VARCHAR) <- [http://openapi.animal.go.kr/openapi/service/rest/fileDownloadSrvc/files/shelter/2026/04/202604141104380.jpg]
?[2m2026-04-14T15:49:51.940+09:00?[0;39m ?[32mTRACE?[0;39m ?[35m90770?[0;39m ?[2m--- [demo] [    Test worker] ?[0;39m?[36morg.hibernate.orm.jdbc.bind             ?[0;39m ?[2m:?[0;39m binding parameter (11:VARCHAR) <- [http://openapi.animal.go.kr/openapi/service/rest/fileDownloadSrvc/files/shelter/2026/04/202604141104425.jpg]
?[2m2026-04-14T15:49:51.940+09:00?[0;39m ?[32mTRACE?[0;39m ?[35m90770?[0;39m ?[2m--- [demo] [    Test worker] ?[0;39m?[36morg.hibernate.orm.jdbc.bind             ?[0;39m ?[2m:?[0;39m binding parameter (12:VARCHAR) <- [보호중]
?[2m2026-04-14T15:49:51.940+09:00?[0;39m ?[32mTRACE?[0;39m ?[35m90770?[0;39m ?[2m--- [demo] [    Test worker] ?[0;39m?[36morg.hibernate.orm.jdbc.bind             ?[0;39m ?[2m:?[0;39m binding parameter (13:VARCHAR) <- [F]
?[2m2026-04-14T15:49:51.940+09:00?[0;39m ?[32mTRACE?[0;39m ?[35m90770?[0;39m ?[2m--- [demo] [    Test worker] ?[0;39m?[36morg.hibernate.orm.jdbc.bind             ?[0;39m ?[2m:?[0;39m binding parameter (14:INTEGER) <- [0]
?[2m2026-04-14T15:49:51.940+09:00?[0;39m ?[32mTRACE?[0;39m ?[35m90770?[0;39m ?[2m--- [demo] [    Test worker] ?[0;39m?[36morg.hibernate.orm.jdbc.bind             ?[0;39m ?[2m:?[0;39m binding parameter (15:VARCHAR) <- [개]
?[2m2026-04-14T15:49:51.940+09:00?[0;39m ?[32mTRACE?[0;39m ?[35m90770?[0;39m ?[2m--- [demo] [    Test worker] ?[0;39m?[36morg.hibernate.orm.jdbc.bind             ?[0;39m ?[2m:?[0;39m binding parameter (16:TIMESTAMP) <- [2026-04-14T15:49:51.939320]
?[2m2026-04-14T15:49:51.940+09:00?[0;39m ?[32mTRACE?[0;39m ?[35m90770?[0;39m ?[2m--- [demo] [    Test worker] ?[0;39m?[36morg.hibernate.orm.jdbc.bind             ?[0;39m ?[2m:?[0;39m binding parameter (17:VARCHAR) <- [2.2(Kg)]
?[2m2026-04-14T15:49:51.940+09:00?[0;39m ?[32mTRACE?[0;39m ?[35m90770?[0;39m ?[2m--- [demo] [    Test worker] ?[0;39m?[36morg.hibernate.orm.jdbc.extract          ?[0;39m ?[2m:?[0;39m extracted value (1:BIGINT) -> [5]
?[35m[Hibernate]?[0m 
    /* ?[34minsert?[0m 
    ?[34mfor?[0m
        com.team05.demo.domain.animal.entity.Animal
        */?[34minsert?[0m 
    ?[34minto?[0m
        animals (age, care_nm, care_tel, color_cd, created_at, desertion_no, kind_full_name, notice_edt, notice_no, popfile1, popfile2, process_state, sex_cd, total_cheer_count, up_kind_nm, updated_at, weight, id) 
    ?[34mvalues?[0m
        (?, ?, ?, ?, ?, ?, ?, ?, ?, ?, ?, ?, ?, ?, ?, ?, ?, ?[34mdefault?[0m)
?[2m2026-04-14T15:49:51.941+09:00?[0;39m ?[32mTRACE?[0;39m ?[35m90770?[0;39m ?[2m--- [demo] [    Test worker] ?[0;39m?[36morg.hibernate.orm.jdbc.bind             ?[0;39m ?[2m:?[0;39m binding parameter (1:VARCHAR) <- [2022(년생)]
?[2m2026-04-14T15:49:51.941+09:00?[0;39m ?[32mTRACE?[0;39m ?[35m90770?[0;39m ?[2m--- [demo] [    Test worker] ?[0;39m?[36morg.hibernate.orm.jdbc.bind             ?[0;39m ?[2m:?[0;39m binding parameter (2:VARCHAR) <- [함안군동물보호센터]
?[2m2026-04-14T15:49:51.941+09:00?[0;39m ?[32mTRACE?[0;39m ?[35m90770?[0;39m ?[2m--- [demo] [    Test worker] ?[0;39m?[36morg.hibernate.orm.jdbc.bind             ?[0;39m ?[2m:?[0;39m binding parameter (3:VARCHAR) <- [010-6248-2131]
?[2m2026-04-14T15:49:51.941+09:00?[0;39m ?[32mTRACE?[0;39m ?[35m90770?[0;39m ?[2m--- [demo] [    Test worker] ?[0;39m?[36morg.hibernate.orm.jdbc.bind             ?[0;39m ?[2m:?[0;39m binding parameter (4:VARCHAR) <- [검정&황갈색]
?[2m2026-04-14T15:49:51.941+09:00?[0;39m ?[32mTRACE?[0;39m ?[35m90770?[0;39m ?[2m--- [demo] [    Test worker] ?[0;39m?[36morg.hibernate.orm.jdbc.bind             ?[0;39m ?[2m:?[0;39m binding parameter (5:TIMESTAMP) <- [2026-04-14T15:49:51.941012]
?[2m2026-04-14T15:49:51.941+09:00?[0;39m ?[32mTRACE?[0;39m ?[35m90770?[0;39m ?[2m--- [demo] [    Test worker] ?[0;39m?[36morg.hibernate.orm.jdbc.bind             ?[0;39m ?[2m:?[0;39m binding parameter (6:VARCHAR) <- [448540202600342]
?[2m2026-04-14T15:49:51.941+09:00?[0;39m ?[32mTRACE?[0;39m ?[35m90770?[0;39m ?[2m--- [demo] [    Test worker] ?[0;39m?[36morg.hibernate.orm.jdbc.bind             ?[0;39m ?[2m:?[0;39m binding parameter (7:VARCHAR) <- [[개] 미니어쳐 핀셔]
?[2m2026-04-14T15:49:51.941+09:00?[0;39m ?[32mTRACE?[0;39m ?[35m90770?[0;39m ?[2m--- [demo] [    Test worker] ?[0;39m?[36morg.hibernate.orm.jdbc.bind             ?[0;39m ?[2m:?[0;39m binding parameter (8:DATE) <- [2026-04-24]
?[2m2026-04-14T15:49:51.941+09:00?[0;39m ?[32mTRACE?[0;39m ?[35m90770?[0;39m ?[2m--- [demo] [    Test worker] ?[0;39m?[36morg.hibernate.orm.jdbc.bind             ?[0;39m ?[2m:?[0;39m binding parameter (9:VARCHAR) <- [경남-함안-2026-00108]
?[2m2026-04-14T15:49:51.941+09:00?[0;39m ?[32mTRACE?[0;39m ?[35m90770?[0;39m ?[2m--- [demo] [    Test worker] ?[0;39m?[36morg.hibernate.orm.jdbc.bind             ?[0;39m ?[2m:?[0;39m binding parameter (10:VARCHAR) <- [http://openapi.animal.go.kr/openapi/service/rest/fileDownloadSrvc/files/shelter/2026/04/20260414110433[1].jpg]
?[2m2026-04-14T15:49:51.942+09:00?[0;39m ?[32mTRACE?[0;39m ?[35m90770?[0;39m ?[2m--- [demo] [    Test worker] ?[0;39m?[36morg.hibernate.orm.jdbc.bind             ?[0;39m ?[2m:?[0;39m binding parameter (11:VARCHAR) <- [http://openapi.animal.go.kr/openapi/service/rest/fileDownloadSrvc/files/shelter/2026/04/20260414110476[1].jpg]
?[2m2026-04-14T15:49:51.942+09:00?[0;39m ?[32mTRACE?[0;39m ?[35m90770?[0;39m ?[2m--- [demo] [    Test worker] ?[0;39m?[36morg.hibernate.orm.jdbc.bind             ?[0;39m ?[2m:?[0;39m binding parameter (12:VARCHAR) <- [보호중]
?[2m2026-04-14T15:49:51.942+09:00?[0;39m ?[32mTRACE?[0;39m ?[35m90770?[0;39m ?[2m--- [demo] [    Test worker] ?[0;39m?[36morg.hibernate.orm.jdbc.bind             ?[0;39m ?[2m:?[0;39m binding parameter (13:VARCHAR) <- [F]
?[2m2026-04-14T15:49:51.942+09:00?[0;39m ?[32mTRACE?[0;39m ?[35m90770?[0;39m ?[2m--- [demo] [    Test worker] ?[0;39m?[36morg.hibernate.orm.jdbc.bind             ?[0;39m ?[2m:?[0;39m binding parameter (14:INTEGER) <- [0]
?[2m2026-04-14T15:49:51.942+09:00?[0;39m ?[32mTRACE?[0;39m ?[35m90770?[0;39m ?[2m--- [demo] [    Test worker] ?[0;39m?[36morg.hibernate.orm.jdbc.bind             ?[0;39m ?[2m:?[0;39m binding parameter (15:VARCHAR) <- [개]
?[2m2026-04-14T15:49:51.942+09:00?[0;39m ?[32mTRACE?[0;39m ?[35m90770?[0;39m ?[2m--- [demo] [    Test worker] ?[0;39m?[36morg.hibernate.orm.jdbc.bind             ?[0;39m ?[2m:?[0;39m binding parameter (16:TIMESTAMP) <- [2026-04-14T15:49:51.941012]
?[2m2026-04-14T15:49:51.942+09:00?[0;39m ?[32mTRACE?[0;39m ?[35m90770?[0;39m ?[2m--- [demo] [    Test worker] ?[0;39m?[36morg.hibernate.orm.jdbc.bind             ?[0;39m ?[2m:?[0;39m binding parameter (17:VARCHAR) <- [4.0(Kg)]
?[2m2026-04-14T15:49:51.942+09:00?[0;39m ?[32mTRACE?[0;39m ?[35m90770?[0;39m ?[2m--- [demo] [    Test worker] ?[0;39m?[36morg.hibernate.orm.jdbc.extract          ?[0;39m ?[2m:?[0;39m extracted value (1:BIGINT) -> [6]
?[35m[Hibernate]?[0m 
    /* ?[34minsert?[0m 
    ?[34mfor?[0m
        com.team05.demo.domain.animal.entity.Animal
        */?[34minsert?[0m 
    ?[34minto?[0m
        animals (age, care_nm, care_tel, color_cd, created_at, desertion_no, kind_full_name, notice_edt, notice_no, popfile1, popfile2, process_state, sex_cd, total_cheer_count, up_kind_nm, updated_at, weight, id) 
    ?[34mvalues?[0m
        (?, ?, ?, ?, ?, ?, ?, ?, ?, ?, ?, ?, ?, ?, ?, ?, ?, ?[34mdefault?[0m)
?[2m2026-04-14T15:49:51.943+09:00?[0;39m ?[32mTRACE?[0;39m ?[35m90770?[0;39m ?[2m--- [demo] [    Test worker] ?[0;39m?[36morg.hibernate.orm.jdbc.bind             ?[0;39m ?[2m:?[0;39m binding parameter (1:VARCHAR) <- [2023(년생)]
?[2m2026-04-14T15:49:51.943+09:00?[0;39m ?[32mTRACE?[0;39m ?[35m90770?[0;39m ?[2m--- [demo] [    Test worker] ?[0;39m?[36morg.hibernate.orm.jdbc.bind             ?[0;39m ?[2m:?[0;39m binding parameter (2:VARCHAR) <- [함안군동물보호센터]
?[2m2026-04-14T15:49:51.943+09:00?[0;39m ?[32mTRACE?[0;39m ?[35m90770?[0;39m ?[2m--- [demo] [    Test worker] ?[0;39m?[36morg.hibernate.orm.jdbc.bind             ?[0;39m ?[2m:?[0;39m binding parameter (3:VARCHAR) <- [010-6248-2131]
?[2m2026-04-14T15:49:51.943+09:00?[0;39m ?[32mTRACE?[0;39m ?[35m90770?[0;39m ?[2m--- [demo] [    Test worker] ?[0;39m?[36morg.hibernate.orm.jdbc.bind             ?[0;39m ?[2m:?[0;39m binding parameter (4:VARCHAR) <- [갈색&흰색]
?[2m2026-04-14T15:49:51.943+09:00?[0;39m ?[32mTRACE?[0;39m ?[35m90770?[0;39m ?[2m--- [demo] [    Test worker] ?[0;39m?[36morg.hibernate.orm.jdbc.bind             ?[0;39m ?[2m:?[0;39m binding parameter (5:TIMESTAMP) <- [2026-04-14T15:49:51.943026]
?[2m2026-04-14T15:49:51.943+09:00?[0;39m ?[32mTRACE?[0;39m ?[35m90770?[0;39m ?[2m--- [demo] [    Test worker] ?[0;39m?[36morg.hibernate.orm.jdbc.bind             ?[0;39m ?[2m:?[0;39m binding parameter (6:VARCHAR) <- [448540202600341]
?[2m2026-04-14T15:49:51.944+09:00?[0;39m ?[32mTRACE?[0;39m ?[35m90770?[0;39m ?[2m--- [demo] [    Test worker] ?[0;39m?[36morg.hibernate.orm.jdbc.bind             ?[0;39m ?[2m:?[0;39m binding parameter (7:VARCHAR) <- [[개] 믹스견]
?[2m2026-04-14T15:49:51.944+09:00?[0;39m ?[32mTRACE?[0;39m ?[35m90770?[0;39m ?[2m--- [demo] [    Test worker] ?[0;39m?[36morg.hibernate.orm.jdbc.bind             ?[0;39m ?[2m:?[0;39m binding parameter (8:DATE) <- [2026-04-24]
?[2m2026-04-14T15:49:51.944+09:00?[0;39m ?[32mTRACE?[0;39m ?[35m90770?[0;39m ?[2m--- [demo] [    Test worker] ?[0;39m?[36morg.hibernate.orm.jdbc.bind             ?[0;39m ?[2m:?[0;39m binding parameter (9:VARCHAR) <- [경남-함안-2026-00107]
?[2m2026-04-14T15:49:51.944+09:00?[0;39m ?[32mTRACE?[0;39m ?[35m90770?[0;39m ?[2m--- [demo] [    Test worker] ?[0;39m?[36morg.hibernate.orm.jdbc.bind             ?[0;39m ?[2m:?[0;39m binding parameter (10:VARCHAR) <- [http://openapi.animal.go.kr/openapi/service/rest/fileDownloadSrvc/files/shelter/2026/04/202604141104716[1].jpg]
?[2m2026-04-14T15:49:51.944+09:00?[0;39m ?[32mTRACE?[0;39m ?[35m90770?[0;39m ?[2m--- [demo] [    Test worker] ?[0;39m?[36morg.hibernate.orm.jdbc.bind             ?[0;39m ?[2m:?[0;39m binding parameter (11:VARCHAR) <- [http://openapi.animal.go.kr/openapi/service/rest/fileDownloadSrvc/files/shelter/2026/04/202604141104763[1].jpg]
?[2m2026-04-14T15:49:51.944+09:00?[0;39m ?[32mTRACE?[0;39m ?[35m90770?[0;39m ?[2m--- [demo] [    Test worker] ?[0;39m?[36morg.hibernate.orm.jdbc.bind             ?[0;39m ?[2m:?[0;39m binding parameter (12:VARCHAR) <- [보호중]
?[2m2026-04-14T15:49:51.944+09:00?[0;39m ?[32mTRACE?[0;39m ?[35m90770?[0;39m ?[2m--- [demo] [    Test worker] ?[0;39m?[36morg.hibernate.orm.jdbc.bind             ?[0;39m ?[2m:?[0;39m binding parameter (13:VARCHAR) <- [F]
?[2m2026-04-14T15:49:51.944+09:00?[0;39m ?[32mTRACE?[0;39m ?[35m90770?[0;39m ?[2m--- [demo] [    Test worker] ?[0;39m?[36morg.hibernate.orm.jdbc.bind             ?[0;39m ?[2m:?[0;39m binding parameter (14:INTEGER) <- [0]
?[2m2026-04-14T15:49:51.944+09:00?[0;39m ?[32mTRACE?[0;39m ?[35m90770?[0;39m ?[2m--- [demo] [    Test worker] ?[0;39m?[36morg.hibernate.orm.jdbc.bind             ?[0;39m ?[2m:?[0;39m binding parameter (15:VARCHAR) <- [개]
?[2m2026-04-14T15:49:51.944+09:00?[0;39m ?[32mTRACE?[0;39m ?[35m90770?[0;39m ?[2m--- [demo] [    Test worker] ?[0;39m?[36morg.hibernate.orm.jdbc.bind             ?[0;39m ?[2m:?[0;39m binding parameter (16:TIMESTAMP) <- [2026-04-14T15:49:51.943026]
?[2m2026-04-14T15:49:51.944+09:00?[0;39m ?[32mTRACE?[0;39m ?[35m90770?[0;39m ?[2m--- [demo] [    Test worker] ?[0;39m?[36morg.hibernate.orm.jdbc.bind             ?[0;39m ?[2m:?[0;39m binding parameter (17:VARCHAR) <- [10.0(Kg)]
?[2m2026-04-14T15:49:51.945+09:00?[0;39m ?[32mTRACE?[0;39m ?[35m90770?[0;39m ?[2m--- [demo] [    Test worker] ?[0;39m?[36morg.hibernate.orm.jdbc.extract          ?[0;39m ?[2m:?[0;39m extracted value (1:BIGINT) -> [7]
?[35m[Hibernate]?[0m 
    /* ?[34minsert?[0m 
    ?[34mfor?[0m
        com.team05.demo.domain.animal.entity.Animal
        */?[34minsert?[0m 
    ?[34minto?[0m
        animals (age, care_nm, care_tel, color_cd, created_at, desertion_no, kind_full_name, notice_edt, notice_no, popfile1, popfile2, process_state, sex_cd, total_cheer_count, up_kind_nm, updated_at, weight, id) 
    ?[34mvalues?[0m
        (?, ?, ?, ?, ?, ?, ?, ?, ?, ?, ?, ?, ?, ?, ?, ?, ?, ?[34mdefault?[0m)
?[2m2026-04-14T15:49:51.946+09:00?[0;39m ?[32mTRACE?[0;39m ?[35m90770?[0;39m ?[2m--- [demo] [    Test worker] ?[0;39m?[36morg.hibernate.orm.jdbc.bind             ?[0;39m ?[2m:?[0;39m binding parameter (1:VARCHAR) <- [2026(60일미만)(년생)]
?[2m2026-04-14T15:49:51.946+09:00?[0;39m ?[32mTRACE?[0;39m ?[35m90770?[0;39m ?[2m--- [demo] [    Test worker] ?[0;39m?[36morg.hibernate.orm.jdbc.bind             ?[0;39m ?[2m:?[0;39m binding parameter (2:VARCHAR) <- [함안군동물보호센터]
?[2m2026-04-14T15:49:51.946+09:00?[0;39m ?[32mTRACE?[0;39m ?[35m90770?[0;39m ?[2m--- [demo] [    Test worker] ?[0;39m?[36morg.hibernate.orm.jdbc.bind             ?[0;39m ?[2m:?[0;39m binding parameter (3:VARCHAR) <- [010-6248-2131]
?[2m2026-04-14T15:49:51.946+09:00?[0;39m ?[32mTRACE?[0;39m ?[35m90770?[0;39m ?[2m--- [demo] [    Test worker] ?[0;39m?[36morg.hibernate.orm.jdbc.bind             ?[0;39m ?[2m:?[0;39m binding parameter (4:VARCHAR) <- [살구색]
?[2m2026-04-14T15:49:51.946+09:00?[0;39m ?[32mTRACE?[0;39m ?[35m90770?[0;39m ?[2m--- [demo] [    Test worker] ?[0;39m?[36morg.hibernate.orm.jdbc.bind             ?[0;39m ?[2m:?[0;39m binding parameter (5:TIMESTAMP) <- [2026-04-14T15:49:51.945430]
?[2m2026-04-14T15:49:51.946+09:00?[0;39m ?[32mTRACE?[0;39m ?[35m90770?[0;39m ?[2m--- [demo] [    Test worker] ?[0;39m?[36morg.hibernate.orm.jdbc.bind             ?[0;39m ?[2m:?[0;39m binding parameter (6:VARCHAR) <- [448540202600340]
?[2m2026-04-14T15:49:51.946+09:00?[0;39m ?[32mTRACE?[0;39m ?[35m90770?[0;39m ?[2m--- [demo] [    Test worker] ?[0;39m?[36morg.hibernate.orm.jdbc.bind             ?[0;39m ?[2m:?[0;39m binding parameter (7:VARCHAR) <- [[개] 믹스견]
?[2m2026-04-14T15:49:51.946+09:00?[0;39m ?[32mTRACE?[0;39m ?[35m90770?[0;39m ?[2m--- [demo] [    Test worker] ?[0;39m?[36morg.hibernate.orm.jdbc.bind             ?[0;39m ?[2m:?[0;39m binding parameter (8:DATE) <- [2026-04-24]
?[2m2026-04-14T15:49:51.946+09:00?[0;39m ?[32mTRACE?[0;39m ?[35m90770?[0;39m ?[2m--- [demo] [    Test worker] ?[0;39m?[36morg.hibernate.orm.jdbc.bind             ?[0;39m ?[2m:?[0;39m binding parameter (9:VARCHAR) <- [경남-함안-2026-00106]
?[2m2026-04-14T15:49:51.947+09:00?[0;39m ?[32mTRACE?[0;39m ?[35m90770?[0;39m ?[2m--- [demo] [    Test worker] ?[0;39m?[36morg.hibernate.orm.jdbc.bind             ?[0;39m ?[2m:?[0;39m binding parameter (10:VARCHAR) <- [http://openapi.animal.go.kr/openapi/service/rest/fileDownloadSrvc/files/shelter/2026/04/202604141104680.jpg]
?[2m2026-04-14T15:49:51.947+09:00?[0;39m ?[32mTRACE?[0;39m ?[35m90770?[0;39m ?[2m--- [demo] [    Test worker] ?[0;39m?[36morg.hibernate.orm.jdbc.bind             ?[0;39m ?[2m:?[0;39m binding parameter (11:VARCHAR) <- [http://openapi.animal.go.kr/openapi/service/rest/fileDownloadSrvc/files/shelter/2026/04/202604141104741.jpg]
?[2m2026-04-14T15:49:51.947+09:00?[0;39m ?[32mTRACE?[0;39m ?[35m90770?[0;39m ?[2m--- [demo] [    Test worker] ?[0;39m?[36morg.hibernate.orm.jdbc.bind             ?[0;39m ?[2m:?[0;39m binding parameter (12:VARCHAR) <- [보호중]
?[2m2026-04-14T15:49:51.947+09:00?[0;39m ?[32mTRACE?[0;39m ?[35m90770?[0;39m ?[2m--- [demo] [    Test worker] ?[0;39m?[36morg.hibernate.orm.jdbc.bind             ?[0;39m ?[2m:?[0;39m binding parameter (13:VARCHAR) <- [M]
?[2m2026-04-14T15:49:51.947+09:00?[0;39m ?[32mTRACE?[0;39m ?[35m90770?[0;39m ?[2m--- [demo] [    Test worker] ?[0;39m?[36morg.hibernate.orm.jdbc.bind             ?[0;39m ?[2m:?[0;39m binding parameter (14:INTEGER) <- [0]
?[2m2026-04-14T15:49:51.947+09:00?[0;39m ?[32mTRACE?[0;39m ?[35m90770?[0;39m ?[2m--- [demo] [    Test worker] ?[0;39m?[36morg.hibernate.orm.jdbc.bind             ?[0;39m ?[2m:?[0;39m binding parameter (15:VARCHAR) <- [개]
?[2m2026-04-14T15:49:51.947+09:00?[0;39m ?[32mTRACE?[0;39m ?[35m90770?[0;39m ?[2m--- [demo] [    Test worker] ?[0;39m?[36morg.hibernate.orm.jdbc.bind             ?[0;39m ?[2m:?[0;39m binding parameter (16:TIMESTAMP) <- [2026-04-14T15:49:51.945430]
?[2m2026-04-14T15:49:51.947+09:00?[0;39m ?[32mTRACE?[0;39m ?[35m90770?[0;39m ?[2m--- [demo] [    Test worker] ?[0;39m?[36morg.hibernate.orm.jdbc.bind             ?[0;39m ?[2m:?[0;39m binding parameter (17:VARCHAR) <- [2.5(Kg)]
?[2m2026-04-14T15:49:51.947+09:00?[0;39m ?[32mTRACE?[0;39m ?[35m90770?[0;39m ?[2m--- [demo] [    Test worker] ?[0;39m?[36morg.hibernate.orm.jdbc.extract          ?[0;39m ?[2m:?[0;39m extracted value (1:BIGINT) -> [8]
?[35m[Hibernate]?[0m 
    /* ?[34minsert?[0m 
    ?[34mfor?[0m
        com.team05.demo.domain.animal.entity.Animal
        */?[34minsert?[0m 
    ?[34minto?[0m
        animals (age, care_nm, care_tel, color_cd, created_at, desertion_no, kind_full_name, notice_edt, notice_no, popfile1, popfile2, process_state, sex_cd, total_cheer_count, up_kind_nm, updated_at, weight, id) 
    ?[34mvalues?[0m
        (?, ?, ?, ?, ?, ?, ?, ?, ?, ?, ?, ?, ?, ?, ?, ?, ?, ?[34mdefault?[0m)
?[2m2026-04-14T15:49:51.948+09:00?[0;39m ?[32mTRACE?[0;39m ?[35m90770?[0;39m ?[2m--- [demo] [    Test worker] ?[0;39m?[36morg.hibernate.orm.jdbc.bind             ?[0;39m ?[2m:?[0;39m binding parameter (1:VARCHAR) <- [2026(60일미만)(년생)]
?[2m2026-04-14T15:49:51.948+09:00?[0;39m ?[32mTRACE?[0;39m ?[35m90770?[0;39m ?[2m--- [demo] [    Test worker] ?[0;39m?[36morg.hibernate.orm.jdbc.bind             ?[0;39m ?[2m:?[0;39m binding parameter (2:VARCHAR) <- [함안군동물보호센터]
?[2m2026-04-14T15:49:51.948+09:00?[0;39m ?[32mTRACE?[0;39m ?[35m90770?[0;39m ?[2m--- [demo] [    Test worker] ?[0;39m?[36morg.hibernate.orm.jdbc.bind             ?[0;39m ?[2m:?[0;39m binding parameter (3:VARCHAR) <- [010-6248-2131]
?[2m2026-04-14T15:49:51.948+09:00?[0;39m ?[32mTRACE?[0;39m ?[35m90770?[0;39m ?[2m--- [demo] [    Test worker] ?[0;39m?[36morg.hibernate.orm.jdbc.bind             ?[0;39m ?[2m:?[0;39m binding parameter (4:VARCHAR) <- [살구색]
?[2m2026-04-14T15:49:51.948+09:00?[0;39m ?[32mTRACE?[0;39m ?[35m90770?[0;39m ?[2m--- [demo] [    Test worker] ?[0;39m?[36morg.hibernate.orm.jdbc.bind             ?[0;39m ?[2m:?[0;39m binding parameter (5:TIMESTAMP) <- [2026-04-14T15:49:51.948018]
?[2m2026-04-14T15:49:51.949+09:00?[0;39m ?[32mTRACE?[0;39m ?[35m90770?[0;39m ?[2m--- [demo] [    Test worker] ?[0;39m?[36morg.hibernate.orm.jdbc.bind             ?[0;39m ?[2m:?[0;39m binding parameter (6:VARCHAR) <- [448540202600339]
?[2m2026-04-14T15:49:51.949+09:00?[0;39m ?[32mTRACE?[0;39m ?[35m90770?[0;39m ?[2m--- [demo] [    Test worker] ?[0;39m?[36morg.hibernate.orm.jdbc.bind             ?[0;39m ?[2m:?[0;39m binding parameter (7:VARCHAR) <- [[개] 믹스견]
?[2m2026-04-14T15:49:51.949+09:00?[0;39m ?[32mTRACE?[0;39m ?[35m90770?[0;39m ?[2m--- [demo] [    Test worker] ?[0;39m?[36morg.hibernate.orm.jdbc.bind             ?[0;39m ?[2m:?[0;39m binding parameter (8:DATE) <- [2026-04-24]
?[2m2026-04-14T15:49:51.949+09:00?[0;39m ?[32mTRACE?[0;39m ?[35m90770?[0;39m ?[2m--- [demo] [    Test worker] ?[0;39m?[36morg.hibernate.orm.jdbc.bind             ?[0;39m ?[2m:?[0;39m binding parameter (9:VARCHAR) <- [경남-함안-2026-00105]
?[2m2026-04-14T15:49:51.949+09:00?[0;39m ?[32mTRACE?[0;39m ?[35m90770?[0;39m ?[2m--- [demo] [    Test worker] ?[0;39m?[36morg.hibernate.orm.jdbc.bind             ?[0;39m ?[2m:?[0;39m binding parameter (10:VARCHAR) <- [http://openapi.animal.go.kr/openapi/service/rest/fileDownloadSrvc/files/shelter/2026/04/202604141104236[1].jpg]
?[2m2026-04-14T15:49:51.949+09:00?[0;39m ?[32mTRACE?[0;39m ?[35m90770?[0;39m ?[2m--- [demo] [    Test worker] ?[0;39m?[36morg.hibernate.orm.jdbc.bind             ?[0;39m ?[2m:?[0;39m binding parameter (11:VARCHAR) <- [http://openapi.animal.go.kr/openapi/service/rest/fileDownloadSrvc/files/shelter/2026/04/202604141104282[1].jpg]
?[2m2026-04-14T15:49:51.949+09:00?[0;39m ?[32mTRACE?[0;39m ?[35m90770?[0;39m ?[2m--- [demo] [    Test worker] ?[0;39m?[36morg.hibernate.orm.jdbc.bind             ?[0;39m ?[2m:?[0;39m binding parameter (12:VARCHAR) <- [보호중]
?[2m2026-04-14T15:49:51.949+09:00?[0;39m ?[32mTRACE?[0;39m ?[35m90770?[0;39m ?[2m--- [demo] [    Test worker] ?[0;39m?[36morg.hibernate.orm.jdbc.bind             ?[0;39m ?[2m:?[0;39m binding parameter (13:VARCHAR) <- [F]
?[2m2026-04-14T15:49:51.949+09:00?[0;39m ?[32mTRACE?[0;39m ?[35m90770?[0;39m ?[2m--- [demo] [    Test worker] ?[0;39m?[36morg.hibernate.orm.jdbc.bind             ?[0;39m ?[2m:?[0;39m binding parameter (14:INTEGER) <- [0]
?[2m2026-04-14T15:49:51.949+09:00?[0;39m ?[32mTRACE?[0;39m ?[35m90770?[0;39m ?[2m--- [demo] [    Test worker] ?[0;39m?[36morg.hibernate.orm.jdbc.bind             ?[0;39m ?[2m:?[0;39m binding parameter (15:VARCHAR) <- [개]
?[2m2026-04-14T15:49:51.949+09:00?[0;39m ?[32mTRACE?[0;39m ?[35m90770?[0;39m ?[2m--- [demo] [    Test worker] ?[0;39m?[36morg.hibernate.orm.jdbc.bind             ?[0;39m ?[2m:?[0;39m binding parameter (16:TIMESTAMP) <- [2026-04-14T15:49:51.948018]
?[2m2026-04-14T15:49:51.949+09:00?[0;39m ?[32mTRACE?[0;39m ?[35m90770?[0;39m ?[2m--- [demo] [    Test worker] ?[0;39m?[36morg.hibernate.orm.jdbc.bind             ?[0;39m ?[2m:?[0;39m binding parameter (17:VARCHAR) <- [2.3(Kg)]
?[2m2026-04-14T15:49:51.949+09:00?[0;39m ?[32mTRACE?[0;39m ?[35m90770?[0;39m ?[2m--- [demo] [    Test worker] ?[0;39m?[36morg.hibernate.orm.jdbc.extract          ?[0;39m ?[2m:?[0;39m extracted value (1:BIGINT) -> [9]
?[35m[Hibernate]?[0m 
    /* ?[34minsert?[0m 
    ?[34mfor?[0m
        com.team05.demo.domain.animal.entity.Animal
        */?[34minsert?[0m 
    ?[34minto?[0m
        animals (age, care_nm, care_tel, color_cd, created_at, desertion_no, kind_full_name, notice_edt, notice_no, popfile1, popfile2, process_state, sex_cd, total_cheer_count, up_kind_nm, updated_at, weight, id) 
    ?[34mvalues?[0m
        (?, ?, ?, ?, ?, ?, ?, ?, ?, ?, ?, ?, ?, ?, ?, ?, ?, ?[34mdefault?[0m)
?[2m2026-04-14T15:49:51.950+09:00?[0;39m ?[32mTRACE?[0;39m ?[35m90770?[0;39m ?[2m--- [demo] [    Test worker] ?[0;39m?[36morg.hibernate.orm.jdbc.bind             ?[0;39m ?[2m:?[0;39m binding parameter (1:VARCHAR) <- [2025(년생)]
?[2m2026-04-14T15:49:51.950+09:00?[0;39m ?[32mTRACE?[0;39m ?[35m90770?[0;39m ?[2m--- [demo] [    Test worker] ?[0;39m?[36morg.hibernate.orm.jdbc.bind             ?[0;39m ?[2m:?[0;39m binding parameter (2:VARCHAR) <- [함안군동물보호센터]
?[2m2026-04-14T15:49:51.950+09:00?[0;39m ?[32mTRACE?[0;39m ?[35m90770?[0;39m ?[2m--- [demo] [    Test worker] ?[0;39m?[36morg.hibernate.orm.jdbc.bind             ?[0;39m ?[2m:?[0;39m binding parameter (3:VARCHAR) <- [010-6248-2131]
?[2m2026-04-14T15:49:51.950+09:00?[0;39m ?[32mTRACE?[0;39m ?[35m90770?[0;39m ?[2m--- [demo] [    Test worker] ?[0;39m?[36morg.hibernate.orm.jdbc.bind             ?[0;39m ?[2m:?[0;39m binding parameter (4:VARCHAR) <- [갈색&검정]
?[2m2026-04-14T15:49:51.950+09:00?[0;39m ?[32mTRACE?[0;39m ?[35m90770?[0;39m ?[2m--- [demo] [    Test worker] ?[0;39m?[36morg.hibernate.orm.jdbc.bind             ?[0;39m ?[2m:?[0;39m binding parameter (5:TIMESTAMP) <- [2026-04-14T15:49:51.950161]
?[2m2026-04-14T15:49:51.951+09:00?[0;39m ?[32mTRACE?[0;39m ?[35m90770?[0;39m ?[2m--- [demo] [    Test worker] ?[0;39m?[36morg.hibernate.orm.jdbc.bind             ?[0;39m ?[2m:?[0;39m binding parameter (6:VARCHAR) <- [448540202600338]
?[2m2026-04-14T15:49:51.951+09:00?[0;39m ?[32mTRACE?[0;39m ?[35m90770?[0;39m ?[2m--- [demo] [    Test worker] ?[0;39m?[36morg.hibernate.orm.jdbc.bind             ?[0;39m ?[2m:?[0;39m binding parameter (7:VARCHAR) <- [[개] 믹스견]
?[2m2026-04-14T15:49:51.951+09:00?[0;39m ?[32mTRACE?[0;39m ?[35m90770?[0;39m ?[2m--- [demo] [    Test worker] ?[0;39m?[36morg.hibernate.orm.jdbc.bind             ?[0;39m ?[2m:?[0;39m binding parameter (8:DATE) <- [2026-04-24]
?[2m2026-04-14T15:49:51.951+09:00?[0;39m ?[32mTRACE?[0;39m ?[35m90770?[0;39m ?[2m--- [demo] [    Test worker] ?[0;39m?[36morg.hibernate.orm.jdbc.bind             ?[0;39m ?[2m:?[0;39m binding parameter (9:VARCHAR) <- [경남-함안-2026-00104]
?[2m2026-04-14T15:49:51.951+09:00?[0;39m ?[32mTRACE?[0;39m ?[35m90770?[0;39m ?[2m--- [demo] [    Test worker] ?[0;39m?[36morg.hibernate.orm.jdbc.bind             ?[0;39m ?[2m:?[0;39m binding parameter (10:VARCHAR) <- [http://openapi.animal.go.kr/openapi/service/rest/fileDownloadSrvc/files/shelter/2026/04/202604141104875.jpg]
?[2m2026-04-14T15:49:51.951+09:00?[0;39m ?[32mTRACE?[0;39m ?[35m90770?[0;39m ?[2m--- [demo] [    Test worker] ?[0;39m?[36morg.hibernate.orm.jdbc.bind             ?[0;39m ?[2m:?[0;39m binding parameter (11:VARCHAR) <- [http://openapi.animal.go.kr/openapi/service/rest/fileDownloadSrvc/files/shelter/2026/04/202604141104917.jpg]
?[2m2026-04-14T15:49:51.951+09:00?[0;39m ?[32mTRACE?[0;39m ?[35m90770?[0;39m ?[2m--- [demo] [    Test worker] ?[0;39m?[36morg.hibernate.orm.jdbc.bind             ?[0;39m ?[2m:?[0;39m binding parameter (12:VARCHAR) <- [보호중]
?[2m2026-04-14T15:49:51.951+09:00?[0;39m ?[32mTRACE?[0;39m ?[35m90770?[0;39m ?[2m--- [demo] [    Test worker] ?[0;39m?[36morg.hibernate.orm.jdbc.bind             ?[0;39m ?[2m:?[0;39m binding parameter (13:VARCHAR) <- [F]
?[2m2026-04-14T15:49:51.951+09:00?[0;39m ?[32mTRACE?[0;39m ?[35m90770?[0;39m ?[2m--- [demo] [    Test worker] ?[0;39m?[36morg.hibernate.orm.jdbc.bind             ?[0;39m ?[2m:?[0;39m binding parameter (14:INTEGER) <- [0]
?[2m2026-04-14T15:49:51.951+09:00?[0;39m ?[32mTRACE?[0;39m ?[35m90770?[0;39m ?[2m--- [demo] [    Test worker] ?[0;39m?[36morg.hibernate.orm.jdbc.bind             ?[0;39m ?[2m:?[0;39m binding parameter (15:VARCHAR) <- [개]
?[2m2026-04-14T15:49:51.951+09:00?[0;39m ?[32mTRACE?[0;39m ?[35m90770?[0;39m ?[2m--- [demo] [    Test worker] ?[0;39m?[36morg.hibernate.orm.jdbc.bind             ?[0;39m ?[2m:?[0;39m binding parameter (16:TIMESTAMP) <- [2026-04-14T15:49:51.950161]
?[2m2026-04-14T15:49:51.951+09:00?[0;39m ?[32mTRACE?[0;39m ?[35m90770?[0;39m ?[2m--- [demo] [    Test worker] ?[0;39m?[36morg.hibernate.orm.jdbc.bind             ?[0;39m ?[2m:?[0;39m binding parameter (17:VARCHAR) <- [7.0(Kg)]
?[2m2026-04-14T15:49:51.951+09:00?[0;39m ?[32mTRACE?[0;39m ?[35m90770?[0;39m ?[2m--- [demo] [    Test worker] ?[0;39m?[36morg.hibernate.orm.jdbc.extract          ?[0;39m ?[2m:?[0;39m extracted value (1:BIGINT) -> [10]
?[35m[Hibernate]?[0m 
    /* <criteria> */ ?[34mselect?[0m
        a1_0.id,
        a1_0.age,
        a1_0.care_nm,
        a1_0.care_tel,
        a1_0.color_cd,
        a1_0.created_at,
        a1_0.desertion_no,
        a1_0.kind_full_name,
        a1_0.notice_edt,
        a1_0.notice_no,
        a1_0.popfile1,
        a1_0.popfile2,
        a1_0.process_state,
        a1_0.sex_cd,
        a1_0.total_cheer_count,
        a1_0.up_kind_nm,
        a1_0.updated_at,
        a1_0.weight 
    ?[34mfrom?[0m
        animals a1_0
?[2m2026-04-14T15:49:51.984+09:00?[0;39m ?[32mTRACE?[0;39m ?[35m90770?[0;39m ?[2m--- [demo] [    Test worker] ?[0;39m?[36morg.hibernate.orm.jdbc.extract          ?[0;39m ?[2m:?[0;39m extracted value (1:BIGINT) -> [1]
?[2m2026-04-14T15:49:51.985+09:00?[0;39m ?[32mTRACE?[0;39m ?[35m90770?[0;39m ?[2m--- [demo] [    Test worker] ?[0;39m?[36morg.hibernate.orm.jdbc.extract          ?[0;39m ?[2m:?[0;39m extracted value (2:VARCHAR) -> [2026(60일미만)(년생)]
?[2m2026-04-14T15:49:51.985+09:00?[0;39m ?[32mTRACE?[0;39m ?[35m90770?[0;39m ?[2m--- [demo] [    Test worker] ?[0;39m?[36morg.hibernate.orm.jdbc.extract          ?[0;39m ?[2m:?[0;39m extracted value (3:VARCHAR) -> [함안군동물보호센터]
?[2m2026-04-14T15:49:51.985+09:00?[0;39m ?[32mTRACE?[0;39m ?[35m90770?[0;39m ?[2m--- [demo] [    Test worker] ?[0;39m?[36morg.hibernate.orm.jdbc.extract          ?[0;39m ?[2m:?[0;39m extracted value (4:VARCHAR) -> [010-6248-2131]
?[2m2026-04-14T15:49:51.985+09:00?[0;39m ?[32mTRACE?[0;39m ?[35m90770?[0;39m ?[2m--- [demo] [    Test worker] ?[0;39m?[36morg.hibernate.orm.jdbc.extract          ?[0;39m ?[2m:?[0;39m extracted value (5:VARCHAR) -> [갈색&검정]
?[2m2026-04-14T15:49:51.985+09:00?[0;39m ?[32mTRACE?[0;39m ?[35m90770?[0;39m ?[2m--- [demo] [    Test worker] ?[0;39m?[36morg.hibernate.orm.jdbc.extract          ?[0;39m ?[2m:?[0;39m extracted value (6:TIMESTAMP) -> [2026-04-14T15:49:51.894129]
?[2m2026-04-14T15:49:51.985+09:00?[0;39m ?[32mTRACE?[0;39m ?[35m90770?[0;39m ?[2m--- [demo] [    Test worker] ?[0;39m?[36morg.hibernate.orm.jdbc.extract          ?[0;39m ?[2m:?[0;39m extracted value (7:VARCHAR) -> [448540202600347]
?[2m2026-04-14T15:49:51.985+09:00?[0;39m ?[32mTRACE?[0;39m ?[35m90770?[0;39m ?[2m--- [demo] [    Test worker] ?[0;39m?[36morg.hibernate.orm.jdbc.extract          ?[0;39m ?[2m:?[0;39m extracted value (8:VARCHAR) -> [[개] 믹스견]
?[2m2026-04-14T15:49:51.985+09:00?[0;39m ?[32mTRACE?[0;39m ?[35m90770?[0;39m ?[2m--- [demo] [    Test worker] ?[0;39m?[36morg.hibernate.orm.jdbc.extract          ?[0;39m ?[2m:?[0;39m extracted value (9:DATE) -> [2026-04-24]
?[2m2026-04-14T15:49:51.986+09:00?[0;39m ?[32mTRACE?[0;39m ?[35m90770?[0;39m ?[2m--- [demo] [    Test worker] ?[0;39m?[36morg.hibernate.orm.jdbc.extract          ?[0;39m ?[2m:?[0;39m extracted value (10:VARCHAR) -> [경남-함안-2026-00113]
?[2m2026-04-14T15:49:51.986+09:00?[0;39m ?[32mTRACE?[0;39m ?[35m90770?[0;39m ?[2m--- [demo] [    Test worker] ?[0;39m?[36morg.hibernate.orm.jdbc.extract          ?[0;39m ?[2m:?[0;39m extracted value (11:VARCHAR) -> [http://openapi.animal.go.kr/openapi/service/rest/fileDownloadSrvc/files/shelter/2026/04/202604141104394[1].jpg]
?[2m2026-04-14T15:49:51.986+09:00?[0;39m ?[32mTRACE?[0;39m ?[35m90770?[0;39m ?[2m--- [demo] [    Test worker] ?[0;39m?[36morg.hibernate.orm.jdbc.extract          ?[0;39m ?[2m:?[0;39m extracted value (12:VARCHAR) -> [http://openapi.animal.go.kr/openapi/service/rest/fileDownloadSrvc/files/shelter/2026/04/202604141104434.jpg]
?[2m2026-04-14T15:49:51.986+09:00?[0;39m ?[32mTRACE?[0;39m ?[35m90770?[0;39m ?[2m--- [demo] [    Test worker] ?[0;39m?[36morg.hibernate.orm.jdbc.extract          ?[0;39m ?[2m:?[0;39m extracted value (13:VARCHAR) -> [보호중]
?[2m2026-04-14T15:49:51.986+09:00?[0;39m ?[32mTRACE?[0;39m ?[35m90770?[0;39m ?[2m--- [demo] [    Test worker] ?[0;39m?[36morg.hibernate.orm.jdbc.extract          ?[0;39m ?[2m:?[0;39m extracted value (14:VARCHAR) -> [M]
?[2m2026-04-14T15:49:51.986+09:00?[0;39m ?[32mTRACE?[0;39m ?[35m90770?[0;39m ?[2m--- [demo] [    Test worker] ?[0;39m?[36morg.hibernate.orm.jdbc.extract          ?[0;39m ?[2m:?[0;39m extracted value (15:INTEGER) -> [0]
?[2m2026-04-14T15:49:51.986+09:00?[0;39m ?[32mTRACE?[0;39m ?[35m90770?[0;39m ?[2m--- [demo] [    Test worker] ?[0;39m?[36morg.hibernate.orm.jdbc.extract          ?[0;39m ?[2m:?[0;39m extracted value (16:VARCHAR) -> [개]
?[2m2026-04-14T15:49:51.986+09:00?[0;39m ?[32mTRACE?[0;39m ?[35m90770?[0;39m ?[2m--- [demo] [    Test worker] ?[0;39m?[36morg.hibernate.orm.jdbc.extract          ?[0;39m ?[2m:?[0;39m extracted value (17:TIMESTAMP) -> [2026-04-14T15:49:51.894129]
?[2m2026-04-14T15:49:51.986+09:00?[0;39m ?[32mTRACE?[0;39m ?[35m90770?[0;39m ?[2m--- [demo] [    Test worker] ?[0;39m?[36morg.hibernate.orm.jdbc.extract          ?[0;39m ?[2m:?[0;39m extracted value (18:VARCHAR) -> [2.7(Kg)]
?[2m2026-04-14T15:49:51.986+09:00?[0;39m ?[32mTRACE?[0;39m ?[35m90770?[0;39m ?[2m--- [demo] [    Test worker] ?[0;39m?[36morg.hibernate.orm.jdbc.extract          ?[0;39m ?[2m:?[0;39m extracted value (1:BIGINT) -> [2]
?[2m2026-04-14T15:49:51.986+09:00?[0;39m ?[32mTRACE?[0;39m ?[35m90770?[0;39m ?[2m--- [demo] [    Test worker] ?[0;39m?[36morg.hibernate.orm.jdbc.extract          ?[0;39m ?[2m:?[0;39m extracted value (2:VARCHAR) -> [2026(60일미만)(년생)]
?[2m2026-04-14T15:49:51.986+09:00?[0;39m ?[32mTRACE?[0;39m ?[35m90770?[0;39m ?[2m--- [demo] [    Test worker] ?[0;39m?[36morg.hibernate.orm.jdbc.extract          ?[0;39m ?[2m:?[0;39m extracted value (3:VARCHAR) -> [함안군동물보호센터]
?[2m2026-04-14T15:49:51.987+09:00?[0;39m ?[32mTRACE?[0;39m ?[35m90770?[0;39m ?[2m--- [demo] [    Test worker] ?[0;39m?[36morg.hibernate.orm.jdbc.extract          ?[0;39m ?[2m:?[0;39m extracted value (4:VARCHAR) -> [010-6248-2131]
?[2m2026-04-14T15:49:51.987+09:00?[0;39m ?[32mTRACE?[0;39m ?[35m90770?[0;39m ?[2m--- [demo] [    Test worker] ?[0;39m?[36morg.hibernate.orm.jdbc.extract          ?[0;39m ?[2m:?[0;39m extracted value (5:VARCHAR) -> [갈색&검정&흰색]
?[2m2026-04-14T15:49:51.987+09:00?[0;39m ?[32mTRACE?[0;39m ?[35m90770?[0;39m ?[2m--- [demo] [    Test worker] ?[0;39m?[36morg.hibernate.orm.jdbc.extract          ?[0;39m ?[2m:?[0;39m extracted value (6:TIMESTAMP) -> [2026-04-14T15:49:51.933165]
?[2m2026-04-14T15:49:51.987+09:00?[0;39m ?[32mTRACE?[0;39m ?[35m90770?[0;39m ?[2m--- [demo] [    Test worker] ?[0;39m?[36morg.hibernate.orm.jdbc.extract          ?[0;39m ?[2m:?[0;39m extracted value (7:VARCHAR) -> [448540202600346]
?[2m2026-04-14T15:49:51.987+09:00?[0;39m ?[32mTRACE?[0;39m ?[35m90770?[0;39m ?[2m--- [demo] [    Test worker] ?[0;39m?[36morg.hibernate.orm.jdbc.extract          ?[0;39m ?[2m:?[0;39m extracted value (8:VARCHAR) -> [[개] 믹스견]
?[2m2026-04-14T15:49:51.987+09:00?[0;39m ?[32mTRACE?[0;39m ?[35m90770?[0;39m ?[2m--- [demo] [    Test worker] ?[0;39m?[36morg.hibernate.orm.jdbc.extract          ?[0;39m ?[2m:?[0;39m extracted value (9:DATE) -> [2026-04-24]
?[2m2026-04-14T15:49:51.987+09:00?[0;39m ?[32mTRACE?[0;39m ?[35m90770?[0;39m ?[2m--- [demo] [    Test worker] ?[0;39m?[36morg.hibernate.orm.jdbc.extract          ?[0;39m ?[2m:?[0;39m extracted value (10:VARCHAR) -> [경남-함안-2026-00112]
?[2m2026-04-14T15:49:51.987+09:00?[0;39m ?[32mTRACE?[0;39m ?[35m90770?[0;39m ?[2m--- [demo] [    Test worker] ?[0;39m?[36morg.hibernate.orm.jdbc.extract          ?[0;39m ?[2m:?[0;39m extracted value (11:VARCHAR) -> [http://openapi.animal.go.kr/openapi/service/rest/fileDownloadSrvc/files/shelter/2026/04/202604141104259.jpg]
?[2m2026-04-14T15:49:51.987+09:00?[0;39m ?[32mTRACE?[0;39m ?[35m90770?[0;39m ?[2m--- [demo] [    Test worker] ?[0;39m?[36morg.hibernate.orm.jdbc.extract          ?[0;39m ?[2m:?[0;39m extracted value (12:VARCHAR) -> [http://openapi.animal.go.kr/openapi/service/rest/fileDownloadSrvc/files/shelter/2026/04/202604141104297.jpg]
?[2m2026-04-14T15:49:51.987+09:00?[0;39m ?[32mTRACE?[0;39m ?[35m90770?[0;39m ?[2m--- [demo] [    Test worker] ?[0;39m?[36morg.hibernate.orm.jdbc.extract          ?[0;39m ?[2m:?[0;39m extracted value (13:VARCHAR) -> [보호중]
?[2m2026-04-14T15:49:51.987+09:00?[0;39m ?[32mTRACE?[0;39m ?[35m90770?[0;39m ?[2m--- [demo] [    Test worker] ?[0;39m?[36morg.hibernate.orm.jdbc.extract          ?[0;39m ?[2m:?[0;39m extracted value (14:VARCHAR) -> [F]
?[2m2026-04-14T15:49:51.987+09:00?[0;39m ?[32mTRACE?[0;39m ?[35m90770?[0;39m ?[2m--- [demo] [    Test worker] ?[0;39m?[36morg.hibernate.orm.jdbc.extract          ?[0;39m ?[2m:?[0;39m extracted value (15:INTEGER) -> [0]
?[2m2026-04-14T15:49:51.987+09:00?[0;39m ?[32mTRACE?[0;39m ?[35m90770?[0;39m ?[2m--- [demo] [    Test worker] ?[0;39m?[36morg.hibernate.orm.jdbc.extract          ?[0;39m ?[2m:?[0;39m extracted value (16:VARCHAR) -> [개]
?[2m2026-04-14T15:49:51.987+09:00?[0;39m ?[32mTRACE?[0;39m ?[35m90770?[0;39m ?[2m--- [demo] [    Test worker] ?[0;39m?[36morg.hibernate.orm.jdbc.extract          ?[0;39m ?[2m:?[0;39m extracted value (17:TIMESTAMP) -> [2026-04-14T15:49:51.933165]
?[2m2026-04-14T15:49:51.987+09:00?[0;39m ?[32mTRACE?[0;39m ?[35m90770?[0;39m ?[2m--- [demo] [    Test worker] ?[0;39m?[36morg.hibernate.orm.jdbc.extract          ?[0;39m ?[2m:?[0;39m extracted value (18:VARCHAR) -> [2.5(Kg)]
?[2m2026-04-14T15:49:51.987+09:00?[0;39m ?[32mTRACE?[0;39m ?[35m90770?[0;39m ?[2m--- [demo] [    Test worker] ?[0;39m?[36morg.hibernate.orm.jdbc.extract          ?[0;39m ?[2m:?[0;39m extracted value (1:BIGINT) -> [3]
?[2m2026-04-14T15:49:51.987+09:00?[0;39m ?[32mTRACE?[0;39m ?[35m90770?[0;39m ?[2m--- [demo] [    Test worker] ?[0;39m?[36morg.hibernate.orm.jdbc.extract          ?[0;39m ?[2m:?[0;39m extracted value (2:VARCHAR) -> [2026(년생)]
?[2m2026-04-14T15:49:51.987+09:00?[0;39m ?[32mTRACE?[0;39m ?[35m90770?[0;39m ?[2m--- [demo] [    Test worker] ?[0;39m?[36morg.hibernate.orm.jdbc.extract          ?[0;39m ?[2m:?[0;39m extracted value (3:VARCHAR) -> [함안군동물보호센터]
?[2m2026-04-14T15:49:51.987+09:00?[0;39m ?[32mTRACE?[0;39m ?[35m90770?[0;39m ?[2m--- [demo] [    Test worker] ?[0;39m?[36morg.hibernate.orm.jdbc.extract          ?[0;39m ?[2m:?[0;39m extracted value (4:VARCHAR) -> [010-6248-2131]
?[2m2026-04-14T15:49:51.987+09:00?[0;39m ?[32mTRACE?[0;39m ?[35m90770?[0;39m ?[2m--- [demo] [    Test worker] ?[0;39m?[36morg.hibernate.orm.jdbc.extract          ?[0;39m ?[2m:?[0;39m extracted value (5:VARCHAR) -> [갈색&흰색]
?[2m2026-04-14T15:49:51.988+09:00?[0;39m ?[32mTRACE?[0;39m ?[35m90770?[0;39m ?[2m--- [demo] [    Test worker] ?[0;39m?[36morg.hibernate.orm.jdbc.extract          ?[0;39m ?[2m:?[0;39m extracted value (6:TIMESTAMP) -> [2026-04-14T15:49:51.935625]
[...]
?[2m2026-04-14T15:49:55.566+09:00?[0;39m ?[32mTRACE?[0;39m ?[35m90770?[0;39m ?[2m--- [demo] [    Test worker] ?[0;39m?[36morg.hibernate.orm.jdbc.extract          ?[0;39m ?[2m:?[0;39m extracted value (12:VARCHAR) -> [http://openapi.animal.go.kr/openapi/service/rest/fileDownloadSrvc/files/shelter/2026/04/20260414110476[1].jpg]
?[2m2026-04-14T15:49:55.566+09:00?[0;39m ?[32mTRACE?[0;39m ?[35m90770?[0;39m ?[2m--- [demo] [    Test worker] ?[0;39m?[36morg.hibernate.orm.jdbc.extract          ?[0;39m ?[2m:?[0;39m extracted value (13:VARCHAR) -> [보호중]
?[2m2026-04-14T15:49:55.566+09:00?[0;39m ?[32mTRACE?[0;39m ?[35m90770?[0;39m ?[2m--- [demo] [    Test worker] ?[0;39m?[36morg.hibernate.orm.jdbc.extract          ?[0;39m ?[2m:?[0;39m extracted value (14:VARCHAR) -> [F]
?[2m2026-04-14T15:49:55.566+09:00?[0;39m ?[32mTRACE?[0;39m ?[35m90770?[0;39m ?[2m--- [demo] [    Test worker] ?[0;39m?[36morg.hibernate.orm.jdbc.extract          ?[0;39m ?[2m:?[0;39m extracted value (15:INTEGER) -> [0]
?[2m2026-04-14T15:49:55.566+09:00?[0;39m ?[32mTRACE?[0;39m ?[35m90770?[0;39m ?[2m--- [demo] [    Test worker] ?[0;39m?[36morg.hibernate.orm.jdbc.extract          ?[0;39m ?[2m:?[0;39m extracted value (16:VARCHAR) -> [개]
?[2m2026-04-14T15:49:55.566+09:00?[0;39m ?[32mTRACE?[0;39m ?[35m90770?[0;39m ?[2m--- [demo] [    Test worker] ?[0;39m?[36morg.hibernate.orm.jdbc.extract          ?[0;39m ?[2m:?[0;39m extracted value (17:TIMESTAMP) -> [2026-04-14T15:49:51.941012]
?[2m2026-04-14T15:49:55.566+09:00?[0;39m ?[32mTRACE?[0;39m ?[35m90770?[0;39m ?[2m--- [demo] [    Test worker] ?[0;39m?[36morg.hibernate.orm.jdbc.extract          ?[0;39m ?[2m:?[0;39m extracted value (18:VARCHAR) -> [4.0(Kg)]
?[2m2026-04-14T15:49:55.566+09:00?[0;39m ?[32mTRACE?[0;39m ?[35m90770?[0;39m ?[2m--- [demo] [    Test worker] ?[0;39m?[36morg.hibernate.orm.jdbc.extract          ?[0;39m ?[2m:?[0;39m extracted value (1:BIGINT) -> [7]
?[2m2026-04-14T15:49:55.566+09:00?[0;39m ?[32mTRACE?[0;39m ?[35m90770?[0;39m ?[2m--- [demo] [    Test worker] ?[0;39m?[36morg.hibernate.orm.jdbc.extract          ?[0;39m ?[2m:?[0;39m extracted value (2:VARCHAR) -> [2023(년생)]
?[2m2026-04-14T15:49:55.566+09:00?[0;39m ?[32mTRACE?[0;39m ?[35m90770?[0;39m ?[2m--- [demo] [    Test worker] ?[0;39m?[36morg.hibernate.orm.jdbc.extract          ?[0;39m ?[2m:?[0;39m extracted value (3:VARCHAR) -> [함안군동물보호센터]
?[2m2026-04-14T15:49:55.567+09:00?[0;39m ?[32mTRACE?[0;39m ?[35m90770?[0;39m ?[2m--- [demo] [    Test worker] ?[0;39m?[36morg.hibernate.orm.jdbc.extract          ?[0;39m ?[2m:?[0;39m extracted value (4:VARCHAR) -> [010-6248-2131]
?[2m2026-04-14T15:49:55.567+09:00?[0;39m ?[32mTRACE?[0;39m ?[35m90770?[0;39m ?[2m--- [demo] [    Test worker] ?[0;39m?[36morg.hibernate.orm.jdbc.extract          ?[0;39m ?[2m:?[0;39m extracted value (5:VARCHAR) -> [갈색&흰색]
?[2m2026-04-14T15:49:55.567+09:00?[0;39m ?[32mTRACE?[0;39m ?[35m90770?[0;39m ?[2m--- [demo] [    Test worker] ?[0;39m?[36morg.hibernate.orm.jdbc.extract          ?[0;39m ?[2m:?[0;39m extracted value (6:TIMESTAMP) -> [2026-04-14T15:49:51.943026]
?[2m2026-04-14T15:49:55.567+09:00?[0;39m ?[32mTRACE?[0;39m ?[35m90770?[0;39m ?[2m--- [demo] [    Test worker] ?[0;39m?[36morg.hibernate.orm.jdbc.extract          ?[0;39m ?[2m:?[0;39m extracted value (7:VARCHAR) -> [448540202600341]
?[2m2026-04-14T15:49:55.567+09:00?[0;39m ?[32mTRACE?[0;39m ?[35m90770?[0;39m ?[2m--- [demo] [    Test worker] ?[0;39m?[36morg.hibernate.orm.jdbc.extract          ?[0;39m ?[2m:?[0;39m extracted value (8:VARCHAR) -> [[개] 믹스견]
?[2m2026-04-14T15:49:55.567+09:00?[0;39m ?[32mTRACE?[0;39m ?[35m90770?[0;39m ?[2m--- [demo] [    Test worker] ?[0;39m?[36morg.hibernate.orm.jdbc.extract          ?[0;39m ?[2m:?[0;39m extracted value (9:DATE) -> [2026-04-24]
?[2m2026-04-14T15:49:55.567+09:00?[0;39m ?[32mTRACE?[0;39m ?[35m90770?[0;39m ?[2m--- [demo] [    Test worker] ?[0;39m?[36morg.hibernate.orm.jdbc.extract          ?[0;39m ?[2m:?[0;39m extracted value (10:VARCHAR) -> [경남-함안-2026-00107]
?[2m2026-04-14T15:49:55.567+09:00?[0;39m ?[32mTRACE?[0;39m ?[35m90770?[0;39m ?[2m--- [demo] [    Test worker] ?[0;39m?[36morg.hibernate.orm.jdbc.extract          ?[0;39m ?[2m:?[0;39m extracted value (11:VARCHAR) -> [http://openapi.animal.go.kr/openapi/service/rest/fileDownloadSrvc/files/shelter/2026/04/202604141104716[1].jpg]
?[2m2026-04-14T15:49:55.567+09:00?[0;39m ?[32mTRACE?[0;39m ?[35m90770?[0;39m ?[2m--- [demo] [    Test worker] ?[0;39m?[36morg.hibernate.orm.jdbc.extract          ?[0;39m ?[2m:?[0;39m extracted value (12:VARCHAR) -> [http://openapi.animal.go.kr/openapi/service/rest/fileDownloadSrvc/files/shelter/2026/04/202604141104763[1].jpg]
?[2m2026-04-14T15:49:55.567+09:00?[0;39m ?[32mTRACE?[0;39m ?[35m90770?[0;39m ?[2m--- [demo] [    Test worker] ?[0;39m?[36morg.hibernate.orm.jdbc.extract          ?[0;39m ?[2m:?[0;39m extracted value (13:VARCHAR) -> [보호중]
?[2m2026-04-14T15:49:55.567+09:00?[0;39m ?[32mTRACE?[0;39m ?[35m90770?[0;39m ?[2m--- [demo] [    Test worker] ?[0;39m?[36morg.hibernate.orm.jdbc.extract          ?[0;39m ?[2m:?[0;39m extracted value (14:VARCHAR) -> [F]
?[2m2026-04-14T15:49:55.567+09:00?[0;39m ?[32mTRACE?[0;39m ?[35m90770?[0;39m ?[2m--- [demo] [    Test worker] ?[0;39m?[36morg.hibernate.orm.jdbc.extract          ?[0;39m ?[2m:?[0;39m extracted value (15:INTEGER) -> [0]
?[2m2026-04-14T15:49:55.567+09:00?[0;39m ?[32mTRACE?[0;39m ?[35m90770?[0;39m ?[2m--- [demo] [    Test worker] ?[0;39m?[36morg.hibernate.orm.jdbc.extract          ?[0;39m ?[2m:?[0;39m extracted value (16:VARCHAR) -> [개]
?[2m2026-04-14T15:49:55.567+09:00?[0;39m ?[32mTRACE?[0;39m ?[35m90770?[0;39m ?[2m--- [demo] [    Test worker] ?[0;39m?[36morg.hibernate.orm.jdbc.extract          ?[0;39m ?[2m:?[0;39m extracted value (17:TIMESTAMP) -> [2026-04-14T15:49:51.943026]
?[2m2026-04-14T15:49:55.567+09:00?[0;39m ?[32mTRACE?[0;39m ?[35m90770?[0;39m ?[2m--- [demo] [    Test worker] ?[0;39m?[36morg.hibernate.orm.jdbc.extract          ?[0;39m ?[2m:?[0;39m extracted value (18:VARCHAR) -> [10.0(Kg)]
?[2m2026-04-14T15:49:55.567+09:00?[0;39m ?[32mTRACE?[0;39m ?[35m90770?[0;39m ?[2m--- [demo] [    Test worker] ?[0;39m?[36morg.hibernate.orm.jdbc.extract          ?[0;39m ?[2m:?[0;39m extracted value (1:BIGINT) -> [8]
?[2m2026-04-14T15:49:55.567+09:00?[0;39m ?[32mTRACE?[0;39m ?[35m90770?[0;39m ?[2m--- [demo] [    Test worker] ?[0;39m?[36morg.hibernate.orm.jdbc.extract          ?[0;39m ?[2m:?[0;39m extracted value (2:VARCHAR) -> [2026(60일미만)(년생)]
?[2m2026-04-14T15:49:55.567+09:00?[0;39m ?[32mTRACE?[0;39m ?[35m90770?[0;39m ?[2m--- [demo] [    Test worker] ?[0;39m?[36morg.hibernate.orm.jdbc.extract          ?[0;39m ?[2m:?[0;39m extracted value (3:VARCHAR) -> [함안군동물보호센터]
?[2m2026-04-14T15:49:55.567+09:00?[0;39m ?[32mTRACE?[0;39m ?[35m90770?[0;39m ?[2m--- [demo] [    Test worker] ?[0;39m?[36morg.hibernate.orm.jdbc.extract          ?[0;39m ?[2m:?[0;39m extracted value (4:VARCHAR) -> [010-6248-2131]
?[2m2026-04-14T15:49:55.567+09:00?[0;39m ?[32mTRACE?[0;39m ?[35m90770?[0;39m ?[2m--- [demo] [    Test worker] ?[0;39m?[36morg.hibernate.orm.jdbc.extract          ?[0;39m ?[2m:?[0;39m extracted value (5:VARCHAR) -> [살구색]
?[2m2026-04-14T15:49:55.567+09:00?[0;39m ?[32mTRACE?[0;39m ?[35m90770?[0;39m ?[2m--- [demo] [    Test worker] ?[0;39m?[36morg.hibernate.orm.jdbc.extract          ?[0;39m ?[2m:?[0;39m extracted value (6:TIMESTAMP) -> [2026-04-14T15:49:51.945430]
?[2m2026-04-14T15:49:55.567+09:00?[0;39m ?[32mTRACE?[0;39m ?[35m90770?[0;39m ?[2m--- [demo] [    Test worker] ?[0;39m?[36morg.hibernate.orm.jdbc.extract          ?[0;39m ?[2m:?[0;39m extracted value (7:VARCHAR) -> [448540202600340]
?[2m2026-04-14T15:49:55.567+09:00?[0;39m ?[32mTRACE?[0;39m ?[35m90770?[0;39m ?[2m--- [demo] [    Test worker] ?[0;39m?[36morg.hibernate.orm.jdbc.extract          ?[0;39m ?[2m:?[0;39m extracted value (8:VARCHAR) -> [[개] 믹스견]
?[2m2026-04-14T15:49:55.567+09:00?[0;39m ?[32mTRACE?[0;39m ?[35m90770?[0;39m ?[2m--- [demo] [    Test worker] ?[0;39m?[36morg.hibernate.orm.jdbc.extract          ?[0;39m ?[2m:?[0;39m extracted value (9:DATE) -> [2026-04-24]
?[2m2026-04-14T15:49:55.567+09:00?[0;39m ?[32mTRACE?[0;39m ?[35m90770?[0;39m ?[2m--- [demo] [    Test worker] ?[0;39m?[36morg.hibernate.orm.jdbc.extract          ?[0;39m ?[2m:?[0;39m extracted value (10:VARCHAR) -> [경남-함안-2026-00106]
?[2m2026-04-14T15:49:55.567+09:00?[0;39m ?[32mTRACE?[0;39m ?[35m90770?[0;39m ?[2m--- [demo] [    Test worker] ?[0;39m?[36morg.hibernate.orm.jdbc.extract          ?[0;39m ?[2m:?[0;39m extracted value (11:VARCHAR) -> [http://openapi.animal.go.kr/openapi/service/rest/fileDownloadSrvc/files/shelter/2026/04/202604141104680.jpg]
?[2m2026-04-14T15:49:55.567+09:00?[0;39m ?[32mTRACE?[0;39m ?[35m90770?[0;39m ?[2m--- [demo] [    Test worker] ?[0;39m?[36morg.hibernate.orm.jdbc.extract          ?[0;39m ?[2m:?[0;39m extracted value (12:VARCHAR) -> [http://openapi.animal.go.kr/openapi/service/rest/fileDownloadSrvc/files/shelter/2026/04/202604141104741.jpg]
?[2m2026-04-14T15:49:55.567+09:00?[0;39m ?[32mTRACE?[0;39m ?[35m90770?[0;39m ?[2m--- [demo] [    Test worker] ?[0;39m?[36morg.hibernate.orm.jdbc.extract          ?[0;39m ?[2m:?[0;39m extracted value (13:VARCHAR) -> [보호중]
?[2m2026-04-14T15:49:55.567+09:00?[0;39m ?[32mTRACE?[0;39m ?[35m90770?[0;39m ?[2m--- [demo] [    Test worker] ?[0;39m?[36morg.hibernate.orm.jdbc.extract          ?[0;39m ?[2m:?[0;39m extracted value (14:VARCHAR) -> [M]
?[2m2026-04-14T15:49:55.567+09:00?[0;39m ?[32mTRACE?[0;39m ?[35m90770?[0;39m ?[2m--- [demo] [    Test worker] ?[0;39m?[36morg.hibernate.orm.jdbc.extract          ?[0;39m ?[2m:?[0;39m extracted value (15:INTEGER) -> [0]
?[2m2026-04-14T15:49:55.567+09:00?[0;39m ?[32mTRACE?[0;39m ?[35m90770?[0;39m ?[2m--- [demo] [    Test worker] ?[0;39m?[36morg.hibernate.orm.jdbc.extract          ?[0;39m ?[2m:?[0;39m extracted value (16:VARCHAR) -> [개]
?[2m2026-04-14T15:49:55.567+09:00?[0;39m ?[32mTRACE?[0;39m ?[35m90770?[0;39m ?[2m--- [demo] [    Test worker] ?[0;39m?[36morg.hibernate.orm.jdbc.extract          ?[0;39m ?[2m:?[0;39m extracted value (17:TIMESTAMP) -> [2026-04-14T15:49:51.945430]
?[2m2026-04-14T15:49:55.567+09:00?[0;39m ?[32mTRACE?[0;39m ?[35m90770?[0;39m ?[2m--- [demo] [    Test worker] ?[0;39m?[36morg.hibernate.orm.jdbc.extract          ?[0;39m ?[2m:?[0;39m extracted value (18:VARCHAR) -> [2.5(Kg)]
?[2m2026-04-14T15:49:55.567+09:00?[0;39m ?[32mTRACE?[0;39m ?[35m90770?[0;39m ?[2m--- [demo] [    Test worker] ?[0;39m?[36morg.hibernate.orm.jdbc.extract          ?[0;39m ?[2m:?[0;39m extracted value (1:BIGINT) -> [9]
?[2m2026-04-14T15:49:55.568+09:00?[0;39m ?[32mTRACE?[0;39m ?[35m90770?[0;39m ?[2m--- [demo] [    Test worker] ?[0;39m?[36morg.hibernate.orm.jdbc.extract          ?[0;39m ?[2m:?[0;39m extracted value (2:VARCHAR) -> [2026(60일미만)(년생)]
?[2m2026-04-14T15:49:55.568+09:00?[0;39m ?[32mTRACE?[0;39m ?[35m90770?[0;39m ?[2m--- [demo] [    Test worker] ?[0;39m?[36morg.hibernate.orm.jdbc.extract          ?[0;39m ?[2m:?[0;39m extracted value (3:VARCHAR) -> [함안군동물보호센터]
?[2m2026-04-14T15:49:55.568+09:00?[0;39m ?[32mTRACE?[0;39m ?[35m90770?[0;39m ?[2m--- [demo] [    Test worker] ?[0;39m?[36morg.hibernate.orm.jdbc.extract          ?[0;39m ?[2m:?[0;39m extracted value (4:VARCHAR) -> [010-6248-2131]
?[2m2026-04-14T15:49:55.568+09:00?[0;39m ?[32mTRACE?[0;39m ?[35m90770?[0;39m ?[2m--- [demo] [    Test worker] ?[0;39m?[36morg.hibernate.orm.jdbc.extract          ?[0;39m ?[2m:?[0;39m extracted value (5:VARCHAR) -> [살구색]
?[2m2026-04-14T15:49:55.568+09:00?[0;39m ?[32mTRACE?[0;39m ?[35m90770?[0;39m ?[2m--- [demo] [    Test worker] ?[0;39m?[36morg.hibernate.orm.jdbc.extract          ?[0;39m ?[2m:?[0;39m extracted value (6:TIMESTAMP) -> [2026-04-14T15:49:51.948018]
?[2m2026-04-14T15:49:55.568+09:00?[0;39m ?[32mTRACE?[0;39m ?[35m90770?[0;39m ?[2m--- [demo] [    Test worker] ?[0;39m?[36morg.hibernate.orm.jdbc.extract          ?[0;39m ?[2m:?[0;39m extracted value (7:VARCHAR) -> [448540202600339]
?[2m2026-04-14T15:49:55.568+09:00?[0;39m ?[32mTRACE?[0;39m ?[35m90770?[0;39m ?[2m--- [demo] [    Test worker] ?[0;39m?[36morg.hibernate.orm.jdbc.extract          ?[0;39m ?[2m:?[0;39m extracted value (8:VARCHAR) -> [[개] 믹스견]
?[2m2026-04-14T15:49:55.568+09:00?[0;39m ?[32mTRACE?[0;39m ?[35m90770?[0;39m ?[2m--- [demo] [    Test worker] ?[0;39m?[36morg.hibernate.orm.jdbc.extract          ?[0;39m ?[2m:?[0;39m extracted value (9:DATE) -> [2026-04-24]
?[2m2026-04-14T15:49:55.568+09:00?[0;39m ?[32mTRACE?[0;39m ?[35m90770?[0;39m ?[2m--- [demo] [    Test worker] ?[0;39m?[36morg.hibernate.orm.jdbc.extract          ?[0;39m ?[2m:?[0;39m extracted value (10:VARCHAR) -> [경남-함안-2026-00105]
?[2m2026-04-14T15:49:55.568+09:00?[0;39m ?[32mTRACE?[0;39m ?[35m90770?[0;39m ?[2m--- [demo] [    Test worker] ?[0;39m?[36morg.hibernate.orm.jdbc.extract          ?[0;39m ?[2m:?[0;39m extracted value (11:VARCHAR) -> [http://openapi.animal.go.kr/openapi/service/rest/fileDownloadSrvc/files/shelter/2026/04/202604141104236[1].jpg]
?[2m2026-04-14T15:49:55.568+09:00?[0;39m ?[32mTRACE?[0;39m ?[35m90770?[0;39m ?[2m--- [demo] [    Test worker] ?[0;39m?[36morg.hibernate.orm.jdbc.extract          ?[0;39m ?[2m:?[0;39m extracted value (12:VARCHAR) -> [http://openapi.animal.go.kr/openapi/service/rest/fileDownloadSrvc/files/shelter/2026/04/202604141104282[1].jpg]
?[2m2026-04-14T15:49:55.568+09:00?[0;39m ?[32mTRACE?[0;39m ?[35m90770?[0;39m ?[2m--- [demo] [    Test worker] ?[0;39m?[36morg.hibernate.orm.jdbc.extract          ?[0;39m ?[2m:?[0;39m extracted value (13:VARCHAR) -> [보호중]
?[2m2026-04-14T15:49:55.568+09:00?[0;39m ?[32mTRACE?[0;39m ?[35m90770?[0;39m ?[2m--- [demo] [    Test worker] ?[0;39m?[36morg.hibernate.orm.jdbc.extract          ?[0;39m ?[2m:?[0;39m extracted value (14:VARCHAR) -> [F]
?[2m2026-04-14T15:49:55.568+09:00?[0;39m ?[32mTRACE?[0;39m ?[35m90770?[0;39m ?[2m--- [demo] [    Test worker] ?[0;39m?[36morg.hibernate.orm.jdbc.extract          ?[0;39m ?[2m:?[0;39m extracted value (15:INTEGER) -> [0]
?[2m2026-04-14T15:49:55.568+09:00?[0;39m ?[32mTRACE?[0;39m ?[35m90770?[0;39m ?[2m--- [demo] [    Test worker] ?[0;39m?[36morg.hibernate.orm.jdbc.extract          ?[0;39m ?[2m:?[0;39m extracted value (16:VARCHAR) -> [개]
?[2m2026-04-14T15:49:55.568+09:00?[0;39m ?[32mTRACE?[0;39m ?[35m90770?[0;39m ?[2m--- [demo] [    Test worker] ?[0;39m?[36morg.hibernate.orm.jdbc.extract          ?[0;39m ?[2m:?[0;39m extracted value (17:TIMESTAMP) -> [2026-04-14T15:49:51.948018]
?[2m2026-04-14T15:49:55.568+09:00?[0;39m ?[32mTRACE?[0;39m ?[35m90770?[0;39m ?[2m--- [demo] [    Test worker] ?[0;39m?[36morg.hibernate.orm.jdbc.extract          ?[0;39m ?[2m:?[0;39m extracted value (18:VARCHAR) -> [2.3(Kg)]
?[2m2026-04-14T15:49:55.568+09:00?[0;39m ?[32mTRACE?[0;39m ?[35m90770?[0;39m ?[2m--- [demo] [    Test worker] ?[0;39m?[36morg.hibernate.orm.jdbc.extract          ?[0;39m ?[2m:?[0;39m extracted value (1:BIGINT) -> [10]
?[2m2026-04-14T15:49:55.568+09:00?[0;39m ?[32mTRACE?[0;39m ?[35m90770?[0;39m ?[2m--- [demo] [    Test worker] ?[0;39m?[36morg.hibernate.orm.jdbc.extract          ?[0;39m ?[2m:?[0;39m extracted value (2:VARCHAR) -> [2025(년생)]
?[2m2026-04-14T15:49:55.568+09:00?[0;39m ?[32mTRACE?[0;39m ?[35m90770?[0;39m ?[2m--- [demo] [    Test worker] ?[0;39m?[36morg.hibernate.orm.jdbc.extract          ?[0;39m ?[2m:?[0;39m extracted value (3:VARCHAR) -> [함안군동물보호센터]
?[2m2026-04-14T15:49:55.568+09:00?[0;39m ?[32mTRACE?[0;39m ?[35m90770?[0;39m ?[2m--- [demo] [    Test worker] ?[0;39m?[36morg.hibernate.orm.jdbc.extract          ?[0;39m ?[2m:?[0;39m extracted value (4:VARCHAR) -> [010-6248-2131]
?[2m2026-04-14T15:49:55.568+09:00?[0;39m ?[32mTRACE?[0;39m ?[35m90770?[0;39m ?[2m--- [demo] [    Test worker] ?[0;39m?[36morg.hibernate.orm.jdbc.extract          ?[0;39m ?[2m:?[0;39m extracted value (5:VARCHAR) -> [갈색&검정]
?[2m2026-04-14T15:49:55.568+09:00?[0;39m ?[32mTRACE?[0;39m ?[35m90770?[0;39m ?[2m--- [demo] [    Test worker] ?[0;39m?[36morg.hibernate.orm.jdbc.extract          ?[0;39m ?[2m:?[0;39m extracted value (6:TIMESTAMP) -> [2026-04-14T15:49:51.950161]
?[2m2026-04-14T15:49:55.568+09:00?[0;39m ?[32mTRACE?[0;39m ?[35m90770?[0;39m ?[2m--- [demo] [    Test worker] ?[0;39m?[36morg.hibernate.orm.jdbc.extract          ?[0;39m ?[2m:?[0;39m extracted value (7:VARCHAR) -> [448540202600338]
?[2m2026-04-14T15:49:55.568+09:00?[0;39m ?[32mTRACE?[0;39m ?[35m90770?[0;39m ?[2m--- [demo] [    Test worker] ?[0;39m?[36morg.hibernate.orm.jdbc.extract          ?[0;39m ?[2m:?[0;39m extracted value (8:VARCHAR) -> [[개] 믹스견]
?[2m2026-04-14T15:49:55.568+09:00?[0;39m ?[32mTRACE?[0;39m ?[35m90770?[0;39m ?[2m--- [demo] [    Test worker] ?[0;39m?[36morg.hibernate.orm.jdbc.extract          ?[0;39m ?[2m:?[0;39m extracted value (9:DATE) -> [2026-04-24]
?[2m2026-04-14T15:49:55.568+09:00?[0;39m ?[32mTRACE?[0;39m ?[35m90770?[0;39m ?[2m--- [demo] [    Test worker] ?[0;39m?[36morg.hibernate.orm.jdbc.extract          ?[0;39m ?[2m:?[0;39m extracted value (10:VARCHAR) -> [경남-함안-2026-00104]
?[2m2026-04-14T15:49:55.568+09:00?[0;39m ?[32mTRACE?[0;39m ?[35m90770?[0;39m ?[2m--- [demo] [    Test worker] ?[0;39m?[36morg.hibernate.orm.jdbc.extract          ?[0;39m ?[2m:?[0;39m extracted value (11:VARCHAR) -> [http://openapi.animal.go.kr/openapi/service/rest/fileDownloadSrvc/files/shelter/2026/04/202604141104875.jpg]
?[2m2026-04-14T15:49:55.569+09:00?[0;39m ?[32mTRACE?[0;39m ?[35m90770?[0;39m ?[2m--- [demo] [    Test worker] ?[0;39m?[36morg.hibernate.orm.jdbc.extract          ?[0;39m ?[2m:?[0;39m extracted value (12:VARCHAR) -> [http://openapi.animal.go.kr/openapi/service/rest/fileDownloadSrvc/files/shelter/2026/04/202604141104917.jpg]
?[2m2026-04-14T15:49:55.569+09:00?[0;39m ?[32mTRACE?[0;39m ?[35m90770?[0;39m ?[2m--- [demo] [    Test worker] ?[0;39m?[36morg.hibernate.orm.jdbc.extract          ?[0;39m ?[2m:?[0;39m extracted value (13:VARCHAR) -> [보호중]
?[2m2026-04-14T15:49:55.569+09:00?[0;39m ?[32mTRACE?[0;39m ?[35m90770?[0;39m ?[2m--- [demo] [    Test worker] ?[0;39m?[36morg.hibernate.orm.jdbc.extract          ?[0;39m ?[2m:?[0;39m extracted value (14:VARCHAR) -> [F]
?[2m2026-04-14T15:49:55.569+09:00?[0;39m ?[32mTRACE?[0;39m ?[35m90770?[0;39m ?[2m--- [demo] [    Test worker] ?[0;39m?[36morg.hibernate.orm.jdbc.extract          ?[0;39m ?[2m:?[0;39m extracted value (15:INTEGER) -> [0]
?[2m2026-04-14T15:49:55.569+09:00?[0;39m ?[32mTRACE?[0;39m ?[35m90770?[0;39m ?[2m--- [demo] [    Test worker] ?[0;39m?[36morg.hibernate.orm.jdbc.extract          ?[0;39m ?[2m:?[0;39m extracted value (16:VARCHAR) -> [개]
?[2m2026-04-14T15:49:55.569+09:00?[0;39m ?[32mTRACE?[0;39m ?[35m90770?[0;39m ?[2m--- [demo] [    Test worker] ?[0;39m?[36morg.hibernate.orm.jdbc.extract          ?[0;39m ?[2m:?[0;39m extracted value (17:TIMESTAMP) -> [2026-04-14T15:49:51.950161]
?[2m2026-04-14T15:49:55.569+09:00?[0;39m ?[32mTRACE?[0;39m ?[35m90770?[0;39m ?[2m--- [demo] [    Test worker] ?[0;39m?[36morg.hibernate.orm.jdbc.extract          ?[0;39m ?[2m:?[0;39m extracted value (18:VARCHAR) -> [7.0(Kg)]
]]></system-out>
  <system-err><![CDATA[Mockito is currently self-attaching to enable the inline-mock-maker. This will no longer work in future releases of the JDK. Please add Mockito as an agent to your build as described in Mockito's documentation: https://javadoc.io/doc/org.mockito/mockito-core/latest/org.mockito/org/mockito/Mockito.html#0.3
WARNING: A Java agent has been loaded dynamically (/Users/mac/.gradle/caches/modules-2/files-2.1/net.bytebuddy/byte-buddy-agent/1.17.8/f09415827a71be7ed621c7bd02550678f28bc81c/byte-buddy-agent-1.17.8.jar)
WARNING: If a serviceability tool is in use, please run with -XX:+EnableDynamicAgentLoading to hide this warning
WARNING: If a serviceability tool is not in use, please run with -Djdk.instrument.traceUsage for more information
WARNING: Dynamic loading of agents will be disallowed by default in a future release
]]></system-err>
</testsuite>
